<?xml version="1.0" encoding="UTF-8"?>
<coverage generated="1780877799488" clover="3.2.0">
  <project timestamp="1780877799488" name="All files">
    <metrics statements="307" coveredstatements="305" conditionals="195" coveredconditionals="181" methods="96" coveredmethods="92" elements="598" coveredelements="578" complexity="0" loc="307" ncloc="307" packages="1" files="6" classes="6"/>
    <file name="Engine.ts" path="/Users/woonchan/pi-lab/repos/task-orchestrator/src/Engine.ts">
      <metrics statements="89" coveredstatements="89" conditionals="66" coveredconditionals="66" methods="16" coveredmethods="15"/>
      <line num="6" count="2" type="cond" truecount="2" falsecount="0"/>
      <line num="30" count="33" type="stmt"/>
      <line num="33" count="33" type="stmt"/>
      <line num="34" count="33" type="cond" truecount="2" falsecount="0"/>
      <line num="35" count="33" type="cond" truecount="2" falsecount="0"/>
      <line num="36" count="33" type="cond" truecount="2" falsecount="0"/>
      <line num="37" count="33" type="cond" truecount="2" falsecount="0"/>
      <line num="40" count="1" type="stmt"/>
      <line num="43" count="55" type="stmt"/>
      <line num="44" count="55" type="stmt"/>
      <line num="45" count="55" type="stmt"/>
      <line num="48" count="47" type="stmt"/>
      <line num="54" count="3" type="stmt"/>
      <line num="55" count="3" type="stmt"/>
      <line num="56" count="10" type="stmt"/>
      <line num="57" count="4" type="cond" truecount="2" falsecount="0"/>
      <line num="60" count="1" type="stmt"/>
      <line num="63" count="46" type="cond" truecount="2" falsecount="0"/>
      <line num="64" count="1" type="stmt"/>
      <line num="65" count="1" type="stmt"/>
      <line num="67" count="45" type="stmt"/>
      <line num="68" count="45" type="stmt"/>
      <line num="70" count="45" type="stmt"/>
      <line num="71" count="45" type="cond" truecount="2" falsecount="0"/>
      <line num="81" count="37" type="stmt"/>
      <line num="82" count="37" type="stmt"/>
      <line num="84" count="37" type="cond" truecount="2" falsecount="0"/>
      <line num="87" count="13" type="stmt"/>
      <line num="89" count="13" type="cond" truecount="2" falsecount="0"/>
      <line num="90" count="9" type="cond" truecount="2" falsecount="0"/>
      <line num="91" count="9" type="cond" truecount="4" falsecount="0"/>
      <line num="92" count="2" type="stmt"/>
      <line num="93" count="2" type="stmt"/>
      <line num="94" count="2" type="stmt"/>
      <line num="96" count="9" type="stmt"/>
      <line num="97" count="9" type="stmt"/>
      <line num="98" count="9" type="stmt"/>
      <line num="99" count="6" type="stmt"/>
      <line num="100" count="6" type="stmt"/>
      <line num="101" count="6" type="cond" truecount="2" falsecount="0"/>
      <line num="103" count="3" type="cond" truecount="2" falsecount="0"/>
      <line num="104" count="3" type="cond" truecount="2" falsecount="0"/>
      <line num="105" count="1" type="stmt"/>
      <line num="106" count="1" type="stmt"/>
      <line num="111" count="9" type="stmt"/>
      <line num="112" count="9" type="stmt"/>
      <line num="113" count="9" type="stmt"/>
      <line num="119" count="2" type="stmt"/>
      <line num="120" count="2" type="stmt"/>
      <line num="121" count="11" type="stmt"/>
      <line num="122" count="11" type="cond" truecount="2" falsecount="0"/>
      <line num="123" count="9" type="stmt"/>
      <line num="124" count="9" type="cond" truecount="2" falsecount="0"/>
      <line num="126" count="2" type="stmt"/>
      <line num="132" count="28" type="stmt"/>
      <line num="133" count="28" type="cond" truecount="2" falsecount="0"/>
      <line num="134" count="6" type="stmt"/>
      <line num="135" count="6" type="stmt"/>
      <line num="137" count="6" type="cond" truecount="3" falsecount="0"/>
      <line num="138" count="6" type="cond" truecount="2" falsecount="0"/>
      <line num="139" count="6" type="stmt"/>
      <line num="141" count="22" type="stmt"/>
      <line num="145" count="1" type="stmt"/>
      <line num="146" count="1" type="stmt"/>
      <line num="150" count="43" type="stmt"/>
      <line num="151" count="43" type="cond" truecount="2" falsecount="0"/>
      <line num="154" count="43" type="stmt"/>
      <line num="156" count="1" type="stmt"/>
      <line num="160" count="45" type="stmt"/>
      <line num="162" count="45" type="stmt"/>
      <line num="164" count="45" type="stmt"/>
      <line num="165" count="7" type="cond" truecount="2" falsecount="0"/>
      <line num="166" count="6" type="stmt"/>
      <line num="167" count="6" type="cond" truecount="4" falsecount="0"/>
      <line num="168" count="5" type="stmt"/>
      <line num="169" count="5" type="cond" truecount="4" falsecount="0"/>
      <line num="170" count="4" type="stmt"/>
      <line num="171" count="4" type="cond" truecount="4" falsecount="0"/>
      <line num="172" count="3" type="stmt"/>
      <line num="173" count="3" type="stmt"/>
      <line num="174" count="3" type="stmt"/>
      <line num="179" count="5" type="stmt"/>
      <line num="180" count="1" type="stmt"/>
      <line num="184" count="4" type="stmt"/>
      <line num="185" count="4" type="stmt"/>
      <line num="186" count="4" type="cond" truecount="4" falsecount="0"/>
      <line num="187" count="1" type="stmt"/>
      <line num="191" count="2" type="stmt"/>
      <line num="192" count="1" type="stmt"/>
    </file>
    <file name="PiSpawner.ts" path="/Users/woonchan/pi-lab/repos/task-orchestrator/src/PiSpawner.ts">
      <metrics statements="28" coveredstatements="27" conditionals="22" coveredconditionals="22" methods="12" coveredmethods="11"/>
      <line num="22" count="10" type="cond" truecount="3" falsecount="0"/>
      <line num="25" count="10" type="cond" truecount="2" falsecount="0"/>
      <line num="26" count="10" type="cond" truecount="2" falsecount="0"/>
      <line num="31" count="10" type="cond" truecount="2" falsecount="0"/>
      <line num="35" count="6" type="cond" truecount="2" falsecount="0"/>
      <line num="36" count="6" type="stmt"/>
      <line num="37" count="12" type="cond" truecount="2" falsecount="0"/>
      <line num="39" count="6" type="stmt"/>
      <line num="40" count="6" type="stmt"/>
      <line num="41" count="6" type="cond" truecount="2" falsecount="0"/>
      <line num="43" count="3" type="stmt"/>
      <line num="47" count="6" type="stmt"/>
      <line num="48" count="6" type="stmt"/>
      <line num="49" count="7" type="cond" truecount="2" falsecount="0"/>
      <line num="51" count="6" type="stmt"/>
      <line num="62" count="6" type="stmt"/>
      <line num="64" count="6" type="stmt"/>
      <line num="65" count="4" type="stmt"/>
      <line num="68" count="6" type="stmt"/>
      <line num="69" count="0" type="stmt"/>
      <line num="72" count="6" type="stmt"/>
      <line num="73" count="5" type="cond" truecount="2" falsecount="0"/>
      <line num="75" count="5" type="stmt"/>
      <line num="76" count="5" type="stmt"/>
      <line num="79" count="6" type="stmt"/>
      <line num="80" count="2" type="stmt"/>
      <line num="87" count="6" type="cond" truecount="2" falsecount="0"/>
      <line num="90" count="6" type="stmt"/>
    </file>
    <file name="Prerequisites.ts" path="/Users/woonchan/pi-lab/repos/task-orchestrator/src/Prerequisites.ts">
      <metrics statements="15" coveredstatements="15" conditionals="15" coveredconditionals="13" methods="8" coveredmethods="8"/>
      <line num="11" count="1" type="stmt"/>
      <line num="13" count="7" type="stmt"/>
      <line num="14" count="7" type="cond" truecount="1" falsecount="1"/>
      <line num="15" count="7" type="stmt"/>
      <line num="18" count="7" type="stmt"/>
      <line num="19" count="7" type="stmt"/>
      <line num="26" count="7" type="cond" truecount="3" falsecount="0"/>
      <line num="27" count="7" type="stmt"/>
      <line num="37" count="21" type="stmt"/>
      <line num="41" count="3" type="stmt"/>
      <line num="42" count="6" type="cond" truecount="2" falsecount="0"/>
      <line num="43" count="6" type="stmt"/>
      <line num="44" count="3" type="cond" truecount="2" falsecount="0"/>
      <line num="45" count="2" type="stmt"/>
      <line num="47" count="3" type="stmt"/>
    </file>
    <file name="Status.ts" path="/Users/woonchan/pi-lab/repos/task-orchestrator/src/Status.ts">
      <metrics statements="14" coveredstatements="14" conditionals="14" coveredconditionals="14" methods="4" coveredmethods="4"/>
      <line num="1" count="4" type="stmt"/>
      <line num="9" count="38" type="stmt"/>
      <line num="10" count="212" type="stmt"/>
      <line num="11" count="4" type="stmt"/>
      <line num="12" count="34" type="cond" truecount="2" falsecount="0"/>
      <line num="14" count="4" type="cond" truecount="2" falsecount="0"/>
      <line num="15" count="4" type="cond" truecount="2" falsecount="0"/>
      <line num="17" count="4" type="stmt"/>
      <line num="18" count="158" type="cond" truecount="2" falsecount="0"/>
      <line num="19" count="38" type="cond" truecount="2" falsecount="0"/>
      <line num="20" count="18" type="cond" truecount="2" falsecount="0"/>
      <line num="21" count="14" type="cond" truecount="2" falsecount="0"/>
      <line num="22" count="1" type="stmt"/>
      <line num="25" count="4" type="stmt"/>
    </file>
    <file name="TaskState.ts" path="/Users/woonchan/pi-lab/repos/task-orchestrator/src/TaskState.ts">
      <metrics statements="126" coveredstatements="126" conditionals="64" coveredconditionals="56" methods="43" coveredmethods="43"/>
      <line num="12" count="4" type="stmt"/>
      <line num="13" count="4" type="stmt"/>
      <line num="14" count="4" type="stmt"/>
      <line num="15" count="4" type="stmt"/>
      <line num="16" count="4" type="stmt"/>
      <line num="17" count="4" type="stmt"/>
      <line num="18" count="4" type="stmt"/>
      <line num="54" count="245" type="stmt"/>
      <line num="59" count="241" type="stmt"/>
      <line num="62" count="47" type="stmt"/>
      <line num="66" count="238" type="cond" truecount="2" falsecount="2"/>
      <line num="68" count="8" type="stmt"/>
      <line num="70" count="80" type="stmt"/>
      <line num="71" count="6" type="stmt"/>
      <line num="72" count="1" type="stmt"/>
      <line num="76" count="392" type="stmt"/>
      <line num="77" count="392" type="stmt"/>
      <line num="78" count="392" type="cond" truecount="1" falsecount="1"/>
      <line num="79" count="1" type="stmt"/>
      <line num="83" count="153" type="cond" truecount="2" falsecount="0"/>
      <line num="85" count="153" type="stmt"/>
      <line num="86" count="153" type="stmt"/>
      <line num="87" count="153" type="stmt"/>
      <line num="88" count="153" type="stmt"/>
      <line num="90" count="153" type="stmt"/>
      <line num="91" count="153" type="cond" truecount="2" falsecount="0"/>
      <line num="92" count="39" type="stmt"/>
      <line num="93" count="39" type="stmt"/>
      <line num="94" count="39" type="stmt"/>
      <line num="95" count="39" type="stmt"/>
      <line num="99" count="1" type="stmt"/>
      <line num="100" count="52" type="stmt"/>
      <line num="101" count="89" type="stmt"/>
      <line num="102" count="52" type="stmt"/>
      <line num="103" count="59" type="stmt"/>
      <line num="104" count="34" type="stmt"/>
      <line num="108" count="68" type="cond" truecount="1" falsecount="1"/>
      <line num="109" count="22" type="stmt"/>
      <line num="112" count="34" type="stmt"/>
      <line num="113" count="34" type="stmt"/>
      <line num="114" count="34" type="stmt"/>
      <line num="116" count="19" type="stmt"/>
      <line num="117" count="30" type="stmt"/>
      <line num="121" count="15" type="cond" truecount="1" falsecount="1"/>
      <line num="122" count="9" type="stmt"/>
      <line num="125" count="7" type="stmt"/>
      <line num="126" count="7" type="stmt"/>
      <line num="127" count="7" type="stmt"/>
      <line num="132" count="39" type="stmt"/>
      <line num="133" count="39" type="stmt"/>
      <line num="135" count="32" type="stmt"/>
      <line num="138" count="7" type="stmt"/>
      <line num="142" count="38" type="stmt"/>
      <line num="144" count="6" type="stmt"/>
      <line num="145" count="6" type="cond" truecount="4" falsecount="0"/>
      <line num="147" count="33" type="stmt"/>
      <line num="151" count="6" type="stmt"/>
      <line num="152" count="19" type="stmt"/>
      <line num="154" count="19" type="stmt"/>
      <line num="155" count="19" type="stmt"/>
      <line num="156" count="19" type="cond" truecount="2" falsecount="0"/>
      <line num="158" count="2" type="stmt"/>
      <line num="163" count="39" type="stmt"/>
      <line num="164" count="39" type="stmt"/>
      <line num="165" count="37" type="stmt"/>
      <line num="167" count="37" type="stmt"/>
      <line num="168" count="37" type="stmt"/>
      <line num="169" count="37" type="stmt"/>
      <line num="172" count="25" type="stmt"/>
      <line num="175" count="23" type="stmt"/>
      <line num="176" count="23" type="stmt"/>
      <line num="177" count="23" type="stmt"/>
      <line num="182" count="3" type="stmt"/>
      <line num="185" count="17" type="cond" truecount="2" falsecount="0"/>
      <line num="188" count="1" type="stmt"/>
      <line num="192" count="17" type="stmt"/>
      <line num="193" count="17" type="stmt"/>
      <line num="197" count="2" type="stmt"/>
      <line num="198" count="2" type="stmt"/>
      <line num="203" count="5" type="stmt"/>
      <line num="204" count="5" type="stmt"/>
      <line num="205" count="5" type="stmt"/>
      <line num="206" count="5" type="cond" truecount="1" falsecount="1"/>
      <line num="207" count="3" type="stmt"/>
      <line num="211" count="4" type="stmt"/>
      <line num="212" count="4" type="stmt"/>
      <line num="213" count="4" type="cond" truecount="5" falsecount="0"/>
      <line num="216" count="1" type="stmt"/>
      <line num="220" count="13" type="stmt"/>
      <line num="221" count="13" type="cond" truecount="2" falsecount="0"/>
      <line num="223" count="7" type="stmt"/>
      <line num="230" count="70" type="stmt"/>
      <line num="231" count="70" type="stmt"/>
      <line num="232" count="70" type="stmt"/>
      <line num="233" count="350" type="stmt"/>
      <line num="234" count="350" type="stmt"/>
      <line num="235" count="86" type="stmt"/>
      <line num="236" count="86" type="cond" truecount="2" falsecount="0"/>
      <line num="237" count="84" type="stmt"/>
      <line num="238" count="84" type="stmt"/>
      <line num="239" count="84" type="stmt"/>
      <line num="240" count="84" type="stmt"/>
      <line num="241" count="84" type="stmt"/>
      <line num="245" count="70" type="stmt"/>
      <line num="253" count="55" type="stmt"/>
      <line num="255" count="85" type="stmt"/>
      <line num="256" count="1" type="stmt"/>
      <line num="258" count="84" type="stmt"/>
      <line num="259" count="59" type="cond" truecount="2" falsecount="0"/>
      <line num="261" count="9" type="stmt"/>
      <line num="263" count="84" type="stmt"/>
      <line num="264" count="52" type="stmt"/>
      <line num="265" count="55" type="stmt"/>
      <line num="266" count="52" type="cond" truecount="1" falsecount="1"/>
      <line num="268" count="52" type="stmt"/>
      <line num="270" count="52" type="cond" truecount="3" falsecount="1"/>
      <line num="271" count="52" type="cond" truecount="4" falsecount="0"/>
      <line num="272" count="51" type="cond" truecount="2" falsecount="0"/>
      <line num="273" count="17" type="cond" truecount="2" falsecount="0"/>
      <line num="274" count="15" type="cond" truecount="2" falsecount="0"/>
      <line num="275" count="12" type="stmt"/>
      <line num="277" count="34" type="cond" truecount="4" falsecount="0"/>
      <line num="278" count="32" type="cond" truecount="2" falsecount="0"/>
      <line num="279" count="31" type="stmt"/>
      <line num="282" count="12" type="stmt"/>
      <line num="286" count="1" type="stmt"/>
    </file>
    <file name="Worktree.ts" path="/Users/woonchan/pi-lab/repos/task-orchestrator/src/Worktree.ts">
      <metrics statements="35" coveredstatements="34" conditionals="14" coveredconditionals="10" methods="13" coveredmethods="11"/>
      <line num="19" count="13" type="stmt"/>
      <line num="20" count="13" type="stmt"/>
      <line num="21" count="13" type="stmt"/>
      <line num="22" count="13" type="cond" truecount="2" falsecount="0"/>
      <line num="23" count="13" type="cond" truecount="2" falsecount="0"/>
      <line num="27" count="20" type="stmt"/>
      <line num="30" count="0" type="stmt"/>
      <line num="33" count="14" type="stmt"/>
      <line num="37" count="14" type="cond" truecount="2" falsecount="0"/>
      <line num="39" count="12" type="stmt"/>
      <line num="41" count="12" type="cond" truecount="1" falsecount="1"/>
      <line num="42" count="14" type="cond" truecount="1" falsecount="1"/>
      <line num="43" count="14" type="stmt"/>
      <line num="44" count="14" type="stmt"/>
      <line num="46" count="14" type="stmt"/>
      <line num="50" count="5" type="stmt"/>
      <line num="51" count="5" type="stmt"/>
      <line num="52" count="5" type="stmt"/>
      <line num="53" count="5" type="stmt"/>
      <line num="67" count="2" type="stmt"/>
      <line num="69" count="2" type="cond" truecount="1" falsecount="1"/>
      <line num="71" count="2" type="stmt"/>
      <line num="72" count="2" type="stmt"/>
      <line num="73" count="2" type="cond" truecount="1" falsecount="1"/>
      <line num="79" count="2" type="stmt"/>
      <line num="81" count="2" type="stmt"/>
      <line num="83" count="2" type="stmt"/>
      <line num="88" count="1" type="stmt"/>
      <line num="89" count="1" type="stmt"/>
      <line num="90" count="1" type="stmt"/>
      <line num="95" count="3" type="stmt"/>
      <line num="96" count="3" type="stmt"/>
      <line num="102" count="41" type="stmt"/>
      <line num="106" count="25" type="stmt"/>
      <line num="110" count="24" type="stmt"/>
    </file>
  </project>
</coverage>
