<?xml version="1.0" encoding="UTF-8"?>
<coverage generated="1780880828008" clover="3.2.0">
  <project timestamp="1780880828008" name="All files">
    <metrics statements="335" coveredstatements="333" conditionals="211" coveredconditionals="192" methods="96" coveredmethods="94" elements="642" coveredelements="619" complexity="0" loc="335" ncloc="335" packages="1" files="6" classes="6"/>
    <file name="Engine.ts" path="/Users/woonchan/pi-lab/repos/task-orchestrator/src/Engine.ts">
      <metrics statements="107" coveredstatements="106" conditionals="80" coveredconditionals="77" methods="16" coveredmethods="15"/>
      <line num="6" count="2" type="cond" truecount="2" falsecount="0"/>
      <line num="30" count="34" type="stmt"/>
      <line num="33" count="34" type="stmt"/>
      <line num="34" count="34" type="cond" truecount="2" falsecount="0"/>
      <line num="35" count="34" type="cond" truecount="2" falsecount="0"/>
      <line num="36" count="34" type="cond" truecount="2" falsecount="0"/>
      <line num="37" count="34" type="cond" truecount="2" falsecount="0"/>
      <line num="40" count="1" type="stmt"/>
      <line num="43" count="68" type="stmt"/>
      <line num="44" count="68" type="stmt"/>
      <line num="45" count="68" type="stmt"/>
      <line num="48" count="48" type="stmt"/>
      <line num="54" count="3" type="stmt"/>
      <line num="55" count="3" type="stmt"/>
      <line num="56" count="10" type="stmt"/>
      <line num="57" count="4" type="cond" truecount="2" falsecount="0"/>
      <line num="60" count="1" type="stmt"/>
      <line num="63" count="47" type="cond" truecount="2" falsecount="0"/>
      <line num="64" count="1" type="stmt"/>
      <line num="65" count="1" type="stmt"/>
      <line num="67" count="46" type="stmt"/>
      <line num="68" count="46" type="stmt"/>
      <line num="70" count="46" type="stmt"/>
      <line num="71" count="46" type="cond" truecount="2" falsecount="0"/>
      <line num="73" count="9" type="stmt"/>
      <line num="75" count="36" type="stmt"/>
      <line num="76" count="36" type="stmt"/>
      <line num="77" count="6" type="cond" truecount="2" falsecount="0"/>
      <line num="78" count="5" type="stmt"/>
      <line num="79" count="5" type="stmt"/>
      <line num="80" count="5" type="cond" truecount="1" falsecount="1"/>
      <line num="81" count="5" type="cond" truecount="2" falsecount="0"/>
      <line num="82" count="1" type="stmt"/>
      <line num="83" count="1" type="stmt"/>
      <line num="85" count="4" type="cond" truecount="4" falsecount="0"/>
      <line num="86" count="3" type="stmt"/>
      <line num="87" count="3" type="stmt"/>
      <line num="88" count="3" type="cond" truecount="1" falsecount="1"/>
      <line num="89" count="1" type="cond" truecount="1" falsecount="1"/>
      <line num="90" count="0" type="stmt"/>
      <line num="94" count="9" type="stmt"/>
      <line num="95" count="9" type="stmt"/>
      <line num="106" count="37" type="stmt"/>
      <line num="107" count="37" type="stmt"/>
      <line num="109" count="37" type="cond" truecount="2" falsecount="0"/>
      <line num="112" count="13" type="stmt"/>
      <line num="114" count="13" type="cond" truecount="2" falsecount="0"/>
      <line num="115" count="9" type="cond" truecount="2" falsecount="0"/>
      <line num="116" count="9" type="cond" truecount="4" falsecount="0"/>
      <line num="117" count="2" type="stmt"/>
      <line num="118" count="2" type="stmt"/>
      <line num="119" count="2" type="stmt"/>
      <line num="121" count="9" type="stmt"/>
      <line num="122" count="9" type="stmt"/>
      <line num="123" count="9" type="stmt"/>
      <line num="124" count="6" type="stmt"/>
      <line num="125" count="6" type="stmt"/>
      <line num="126" count="6" type="cond" truecount="2" falsecount="0"/>
      <line num="128" count="3" type="cond" truecount="2" falsecount="0"/>
      <line num="129" count="3" type="cond" truecount="2" falsecount="0"/>
      <line num="130" count="1" type="stmt"/>
      <line num="131" count="1" type="stmt"/>
      <line num="136" count="9" type="stmt"/>
      <line num="137" count="9" type="stmt"/>
      <line num="138" count="9" type="stmt"/>
      <line num="144" count="2" type="stmt"/>
      <line num="145" count="2" type="stmt"/>
      <line num="146" count="11" type="stmt"/>
      <line num="147" count="11" type="cond" truecount="2" falsecount="0"/>
      <line num="148" count="9" type="stmt"/>
      <line num="149" count="9" type="cond" truecount="2" falsecount="0"/>
      <line num="151" count="2" type="stmt"/>
      <line num="157" count="28" type="stmt"/>
      <line num="158" count="28" type="cond" truecount="2" falsecount="0"/>
      <line num="159" count="6" type="stmt"/>
      <line num="160" count="6" type="stmt"/>
      <line num="162" count="6" type="cond" truecount="3" falsecount="0"/>
      <line num="163" count="6" type="cond" truecount="2" falsecount="0"/>
      <line num="164" count="6" type="stmt"/>
      <line num="166" count="22" type="stmt"/>
      <line num="170" count="1" type="stmt"/>
      <line num="171" count="1" type="stmt"/>
      <line num="175" count="43" type="stmt"/>
      <line num="176" count="43" type="cond" truecount="2" falsecount="0"/>
      <line num="179" count="43" type="stmt"/>
      <line num="181" count="1" type="stmt"/>
      <line num="185" count="46" type="stmt"/>
      <line num="187" count="46" type="stmt"/>
      <line num="189" count="46" type="stmt"/>
      <line num="190" count="23" type="cond" truecount="2" falsecount="0"/>
      <line num="191" count="22" type="stmt"/>
      <line num="192" count="22" type="cond" truecount="4" falsecount="0"/>
      <line num="193" count="21" type="stmt"/>
      <line num="194" count="21" type="cond" truecount="4" falsecount="0"/>
      <line num="195" count="4" type="stmt"/>
      <line num="196" count="4" type="cond" truecount="4" falsecount="0"/>
      <line num="197" count="3" type="stmt"/>
      <line num="198" count="3" type="stmt"/>
      <line num="199" count="3" type="stmt"/>
      <line num="204" count="21" type="stmt"/>
      <line num="205" count="1" type="stmt"/>
      <line num="209" count="4" type="stmt"/>
      <line num="210" count="4" type="stmt"/>
      <line num="211" count="4" type="cond" truecount="4" falsecount="0"/>
      <line num="212" count="1" type="stmt"/>
      <line num="216" count="2" type="stmt"/>
      <line num="217" count="1" type="stmt"/>
    </file>
    <file name="PiSpawner.ts" path="/Users/woonchan/pi-lab/repos/task-orchestrator/src/PiSpawner.ts">
      <metrics statements="38" coveredstatements="37" conditionals="24" coveredconditionals="22" methods="12" coveredmethods="12"/>
      <line num="8" count="1" type="stmt"/>
      <line num="25" count="11" type="cond" truecount="3" falsecount="0"/>
      <line num="28" count="11" type="cond" truecount="2" falsecount="0"/>
      <line num="29" count="11" type="cond" truecount="2" falsecount="0"/>
      <line num="34" count="11" type="cond" truecount="2" falsecount="0"/>
      <line num="38" count="7" type="cond" truecount="2" falsecount="0"/>
      <line num="39" count="7" type="stmt"/>
      <line num="40" count="14" type="cond" truecount="2" falsecount="0"/>
      <line num="42" count="7" type="stmt"/>
      <line num="43" count="7" type="stmt"/>
      <line num="44" count="7" type="stmt"/>
      <line num="45" count="7" type="cond" truecount="2" falsecount="0"/>
      <line num="47" count="3" type="stmt"/>
      <line num="51" count="7" type="stmt"/>
      <line num="52" count="7" type="stmt"/>
      <line num="53" count="8" type="cond" truecount="2" falsecount="0"/>
      <line num="55" count="7" type="stmt"/>
      <line num="66" count="7" type="stmt"/>
      <line num="68" count="7" type="stmt"/>
      <line num="70" count="7" type="stmt"/>
      <line num="73" count="7" type="stmt"/>
      <line num="74" count="4" type="stmt"/>
      <line num="75" count="4" type="stmt"/>
      <line num="76" count="4" type="stmt"/>
      <line num="79" count="7" type="stmt"/>
      <line num="80" count="1" type="stmt"/>
      <line num="81" count="1" type="stmt"/>
      <line num="82" count="1" type="stmt"/>
      <line num="85" count="7" type="stmt"/>
      <line num="86" count="6" type="cond" truecount="2" falsecount="0"/>
      <line num="88" count="6" type="stmt"/>
      <line num="89" count="6" type="stmt"/>
      <line num="92" count="0" type="cond" truecount="0" falsecount="2"/>
      <line num="94" count="6" type="stmt"/>
      <line num="97" count="7" type="stmt"/>
      <line num="98" count="2" type="stmt"/>
      <line num="105" count="7" type="cond" truecount="2" falsecount="0"/>
      <line num="108" count="7" type="stmt"/>
    </file>
    <file name="Prerequisites.ts" path="/Users/woonchan/pi-lab/repos/task-orchestrator/src/Prerequisites.ts">
      <metrics statements="15" coveredstatements="15" conditionals="15" coveredconditionals="13" methods="8" coveredmethods="8"/>
      <line num="11" count="1" type="stmt"/>
      <line num="13" count="6" type="stmt"/>
      <line num="14" count="6" type="cond" truecount="1" falsecount="1"/>
      <line num="15" count="6" type="stmt"/>
      <line num="18" count="6" type="stmt"/>
      <line num="19" count="6" type="stmt"/>
      <line num="26" count="6" type="cond" truecount="3" falsecount="0"/>
      <line num="27" count="6" type="stmt"/>
      <line num="37" count="18" type="stmt"/>
      <line num="41" count="3" type="stmt"/>
      <line num="42" count="6" type="cond" truecount="2" falsecount="0"/>
      <line num="43" count="6" type="stmt"/>
      <line num="44" count="3" type="cond" truecount="2" falsecount="0"/>
      <line num="45" count="2" type="stmt"/>
      <line num="47" count="3" type="stmt"/>
    </file>
    <file name="Status.ts" path="/Users/woonchan/pi-lab/repos/task-orchestrator/src/Status.ts">
      <metrics statements="14" coveredstatements="14" conditionals="14" coveredconditionals="14" methods="4" coveredmethods="4"/>
      <line num="1" count="4" type="stmt"/>
      <line num="9" count="38" type="stmt"/>
      <line num="10" count="234" type="stmt"/>
      <line num="11" count="4" type="stmt"/>
      <line num="12" count="34" type="cond" truecount="2" falsecount="0"/>
      <line num="14" count="4" type="cond" truecount="2" falsecount="0"/>
      <line num="15" count="4" type="cond" truecount="2" falsecount="0"/>
      <line num="17" count="4" type="stmt"/>
      <line num="18" count="160" type="cond" truecount="2" falsecount="0"/>
      <line num="19" count="77" type="cond" truecount="2" falsecount="0"/>
      <line num="20" count="57" type="cond" truecount="2" falsecount="0"/>
      <line num="21" count="53" type="cond" truecount="2" falsecount="0"/>
      <line num="22" count="40" type="stmt"/>
      <line num="25" count="4" type="stmt"/>
    </file>
    <file name="TaskState.ts" path="/Users/woonchan/pi-lab/repos/task-orchestrator/src/TaskState.ts">
      <metrics statements="126" coveredstatements="126" conditionals="64" coveredconditionals="56" methods="43" coveredmethods="43"/>
      <line num="12" count="4" type="stmt"/>
      <line num="13" count="4" type="stmt"/>
      <line num="14" count="4" type="stmt"/>
      <line num="15" count="4" type="stmt"/>
      <line num="16" count="4" type="stmt"/>
      <line num="17" count="4" type="stmt"/>
      <line num="18" count="4" type="stmt"/>
      <line num="54" count="268" type="stmt"/>
      <line num="59" count="264" type="stmt"/>
      <line num="62" count="68" type="stmt"/>
      <line num="66" count="252" type="cond" truecount="2" falsecount="2"/>
      <line num="68" count="8" type="stmt"/>
      <line num="70" count="80" type="stmt"/>
      <line num="71" count="6" type="stmt"/>
      <line num="72" count="1" type="stmt"/>
      <line num="76" count="423" type="stmt"/>
      <line num="77" count="423" type="stmt"/>
      <line num="78" count="423" type="cond" truecount="1" falsecount="1"/>
      <line num="79" count="1" type="stmt"/>
      <line num="84" count="155" type="cond" truecount="2" falsecount="0"/>
      <line num="86" count="155" type="stmt"/>
      <line num="87" count="155" type="stmt"/>
      <line num="88" count="155" type="stmt"/>
      <line num="89" count="155" type="stmt"/>
      <line num="91" count="155" type="stmt"/>
      <line num="92" count="155" type="cond" truecount="2" falsecount="0"/>
      <line num="93" count="73" type="stmt"/>
      <line num="94" count="73" type="stmt"/>
      <line num="95" count="73" type="stmt"/>
      <line num="96" count="73" type="stmt"/>
      <line num="100" count="1" type="stmt"/>
      <line num="101" count="57" type="stmt"/>
      <line num="102" count="89" type="stmt"/>
      <line num="103" count="57" type="stmt"/>
      <line num="104" count="79" type="stmt"/>
      <line num="105" count="34" type="stmt"/>
      <line num="109" count="68" type="cond" truecount="1" falsecount="1"/>
      <line num="110" count="22" type="stmt"/>
      <line num="113" count="34" type="stmt"/>
      <line num="114" count="34" type="stmt"/>
      <line num="115" count="34" type="stmt"/>
      <line num="117" count="19" type="stmt"/>
      <line num="118" count="30" type="stmt"/>
      <line num="122" count="16" type="cond" truecount="1" falsecount="1"/>
      <line num="123" count="9" type="stmt"/>
      <line num="126" count="7" type="stmt"/>
      <line num="127" count="7" type="stmt"/>
      <line num="128" count="7" type="stmt"/>
      <line num="133" count="40" type="stmt"/>
      <line num="134" count="40" type="stmt"/>
      <line num="136" count="33" type="stmt"/>
      <line num="139" count="7" type="stmt"/>
      <line num="143" count="39" type="stmt"/>
      <line num="145" count="6" type="stmt"/>
      <line num="146" count="6" type="cond" truecount="4" falsecount="0"/>
      <line num="148" count="34" type="stmt"/>
      <line num="152" count="6" type="stmt"/>
      <line num="153" count="19" type="stmt"/>
      <line num="155" count="19" type="stmt"/>
      <line num="156" count="19" type="stmt"/>
      <line num="157" count="19" type="cond" truecount="2" falsecount="0"/>
      <line num="159" count="2" type="stmt"/>
      <line num="164" count="39" type="stmt"/>
      <line num="165" count="39" type="stmt"/>
      <line num="166" count="37" type="stmt"/>
      <line num="168" count="37" type="stmt"/>
      <line num="169" count="37" type="stmt"/>
      <line num="170" count="37" type="stmt"/>
      <line num="173" count="44" type="stmt"/>
      <line num="176" count="26" type="stmt"/>
      <line num="177" count="26" type="stmt"/>
      <line num="178" count="26" type="stmt"/>
      <line num="183" count="3" type="stmt"/>
      <line num="186" count="20" type="cond" truecount="2" falsecount="0"/>
      <line num="189" count="1" type="stmt"/>
      <line num="193" count="17" type="stmt"/>
      <line num="194" count="17" type="stmt"/>
      <line num="198" count="2" type="stmt"/>
      <line num="199" count="2" type="stmt"/>
      <line num="204" count="5" type="stmt"/>
      <line num="205" count="5" type="stmt"/>
      <line num="206" count="5" type="stmt"/>
      <line num="207" count="5" type="cond" truecount="1" falsecount="1"/>
      <line num="208" count="3" type="stmt"/>
      <line num="212" count="4" type="stmt"/>
      <line num="213" count="4" type="stmt"/>
      <line num="214" count="4" type="cond" truecount="5" falsecount="0"/>
      <line num="217" count="1" type="stmt"/>
      <line num="221" count="14" type="stmt"/>
      <line num="222" count="14" type="cond" truecount="2" falsecount="0"/>
      <line num="224" count="7" type="stmt"/>
      <line num="231" count="71" type="stmt"/>
      <line num="232" count="71" type="stmt"/>
      <line num="233" count="71" type="stmt"/>
      <line num="234" count="355" type="stmt"/>
      <line num="235" count="355" type="stmt"/>
      <line num="236" count="87" type="stmt"/>
      <line num="237" count="87" type="cond" truecount="2" falsecount="0"/>
      <line num="238" count="85" type="stmt"/>
      <line num="239" count="85" type="stmt"/>
      <line num="240" count="85" type="stmt"/>
      <line num="241" count="85" type="stmt"/>
      <line num="242" count="85" type="stmt"/>
      <line num="246" count="71" type="stmt"/>
      <line num="254" count="57" type="stmt"/>
      <line num="256" count="115" type="stmt"/>
      <line num="257" count="1" type="stmt"/>
      <line num="259" count="114" type="stmt"/>
      <line num="260" count="59" type="cond" truecount="2" falsecount="0"/>
      <line num="262" count="9" type="stmt"/>
      <line num="264" count="114" type="stmt"/>
      <line num="265" count="52" type="stmt"/>
      <line num="266" count="55" type="stmt"/>
      <line num="267" count="52" type="cond" truecount="1" falsecount="1"/>
      <line num="269" count="52" type="stmt"/>
      <line num="271" count="52" type="cond" truecount="3" falsecount="1"/>
      <line num="272" count="52" type="cond" truecount="4" falsecount="0"/>
      <line num="273" count="51" type="cond" truecount="2" falsecount="0"/>
      <line num="274" count="17" type="cond" truecount="2" falsecount="0"/>
      <line num="275" count="15" type="cond" truecount="2" falsecount="0"/>
      <line num="276" count="12" type="stmt"/>
      <line num="278" count="34" type="cond" truecount="4" falsecount="0"/>
      <line num="279" count="32" type="cond" truecount="2" falsecount="0"/>
      <line num="280" count="31" type="stmt"/>
      <line num="283" count="14" type="stmt"/>
      <line num="287" count="1" type="stmt"/>
    </file>
    <file name="Worktree.ts" path="/Users/woonchan/pi-lab/repos/task-orchestrator/src/Worktree.ts">
      <metrics statements="35" coveredstatements="35" conditionals="14" coveredconditionals="10" methods="13" coveredmethods="12"/>
      <line num="19" count="14" type="stmt"/>
      <line num="20" count="14" type="stmt"/>
      <line num="21" count="14" type="stmt"/>
      <line num="22" count="14" type="cond" truecount="2" falsecount="0"/>
      <line num="23" count="14" type="cond" truecount="2" falsecount="0"/>
      <line num="27" count="21" type="stmt"/>
      <line num="30" count="1" type="stmt"/>
      <line num="33" count="15" type="stmt"/>
      <line num="37" count="15" type="cond" truecount="2" falsecount="0"/>
      <line num="39" count="13" type="stmt"/>
      <line num="41" count="13" type="cond" truecount="1" falsecount="1"/>
      <line num="42" count="15" type="cond" truecount="1" falsecount="1"/>
      <line num="43" count="15" type="stmt"/>
      <line num="44" count="15" type="stmt"/>
      <line num="46" count="15" type="stmt"/>
      <line num="50" count="5" type="stmt"/>
      <line num="51" count="5" type="stmt"/>
      <line num="52" count="5" type="stmt"/>
      <line num="53" count="5" type="stmt"/>
      <line num="67" count="2" type="stmt"/>
      <line num="69" count="2" type="cond" truecount="1" falsecount="1"/>
      <line num="71" count="2" type="stmt"/>
      <line num="72" count="2" type="stmt"/>
      <line num="73" count="2" type="cond" truecount="1" falsecount="1"/>
      <line num="79" count="2" type="stmt"/>
      <line num="81" count="2" type="stmt"/>
      <line num="83" count="2" type="stmt"/>
      <line num="88" count="1" type="stmt"/>
      <line num="89" count="1" type="stmt"/>
      <line num="90" count="1" type="stmt"/>
      <line num="95" count="3" type="stmt"/>
      <line num="96" count="3" type="stmt"/>
      <line num="102" count="42" type="stmt"/>
      <line num="106" count="27" type="stmt"/>
      <line num="110" count="26" type="stmt"/>
    </file>
  </project>
</coverage>
