{"/Users/woonchan/pi-lab/repos/task-orchestrator/src/Engine.ts": {"path":"/Users/woonchan/pi-lab/repos/task-orchestrator/src/Engine.ts","statementMap":{"0":{"start":{"line":6,"column":25},"end":{"line":6,"column":null}},"1":{"start":{"line":30,"column":24},"end":{"line":30,"column":null}},"2":{"start":{"line":33,"column":4},"end":{"line":33,"column":null}},"3":{"start":{"line":34,"column":4},"end":{"line":34,"column":null}},"4":{"start":{"line":35,"column":4},"end":{"line":35,"column":null}},"5":{"start":{"line":35,"column":43},"end":{"line":35,"column":null}},"6":{"start":{"line":36,"column":4},"end":{"line":36,"column":null}},"7":{"start":{"line":37,"column":4},"end":{"line":37,"column":null}},"8":{"start":{"line":40,"column":29},"end":{"line":40,"column":46}},"9":{"start":{"line":42,"column":28},"end":{"line":42,"column":64}},"10":{"start":{"line":47,"column":4},"end":{"line":50,"column":null}},"11":{"start":{"line":48,"column":6},"end":{"line":48,"column":null}},"12":{"start":{"line":48,"column":12},"end":{"line":48,"column":36}},"13":{"start":{"line":49,"column":6},"end":{"line":49,"column":null}},"14":{"start":{"line":51,"column":4},"end":{"line":51,"column":null}},"15":{"start":{"line":52,"column":4},"end":{"line":52,"column":null}},"16":{"start":{"line":54,"column":17},"end":{"line":54,"column":null}},"17":{"start":{"line":55,"column":4},"end":{"line":55,"column":null}},"18":{"start":{"line":55,"column":15},"end":{"line":55,"column":null}},"19":{"start":{"line":65,"column":17},"end":{"line":65,"column":null}},"20":{"start":{"line":67,"column":4},"end":{"line":67,"column":null}},"21":{"start":{"line":67,"column":22},"end":{"line":67,"column":null}},"22":{"start":{"line":70,"column":4},"end":{"line":70,"column":null}},"23":{"start":{"line":72,"column":4},"end":{"line":92,"column":null}},"24":{"start":{"line":73,"column":15},"end":{"line":73,"column":null}},"25":{"start":{"line":74,"column":6},"end":{"line":78,"column":null}},"26":{"start":{"line":75,"column":8},"end":{"line":75,"column":null}},"27":{"start":{"line":76,"column":8},"end":{"line":76,"column":null}},"28":{"start":{"line":77,"column":8},"end":{"line":77,"column":null}},"29":{"start":{"line":79,"column":6},"end":{"line":91,"column":null}},"30":{"start":{"line":80,"column":19},"end":{"line":80,"column":null}},"31":{"start":{"line":80,"column":37},"end":{"line":80,"column":55}},"32":{"start":{"line":81,"column":8},"end":{"line":81,"column":null}},"33":{"start":{"line":82,"column":8},"end":{"line":82,"column":null}},"34":{"start":{"line":83,"column":8},"end":{"line":83,"column":null}},"35":{"start":{"line":84,"column":8},"end":{"line":84,"column":null}},"36":{"start":{"line":84,"column":26},"end":{"line":84,"column":null}},"37":{"start":{"line":86,"column":20},"end":{"line":86,"column":null}},"38":{"start":{"line":87,"column":8},"end":{"line":90,"column":null}},"39":{"start":{"line":88,"column":10},"end":{"line":88,"column":null}},"40":{"start":{"line":89,"column":10},"end":{"line":89,"column":null}},"41":{"start":{"line":94,"column":4},"end":{"line":94,"column":null}},"42":{"start":{"line":95,"column":4},"end":{"line":95,"column":null}},"43":{"start":{"line":101,"column":16},"end":{"line":101,"column":null}},"44":{"start":{"line":102,"column":4},"end":{"line":107,"column":null}},"45":{"start":{"line":103,"column":21},"end":{"line":103,"column":null}},"46":{"start":{"line":104,"column":6},"end":{"line":104,"column":null}},"47":{"start":{"line":104,"column":24},"end":{"line":104,"column":null}},"48":{"start":{"line":105,"column":6},"end":{"line":105,"column":null}},"49":{"start":{"line":106,"column":6},"end":{"line":106,"column":null}},"50":{"start":{"line":106,"column":23},"end":{"line":106,"column":null}},"51":{"start":{"line":108,"column":4},"end":{"line":108,"column":null}},"52":{"start":{"line":114,"column":4},"end":{"line":114,"column":null}},"53":{"start":{"line":115,"column":4},"end":{"line":121,"column":null}},"54":{"start":{"line":116,"column":6},"end":{"line":116,"column":null}},"55":{"start":{"line":118,"column":19},"end":{"line":118,"column":null}},"56":{"start":{"line":119,"column":6},"end":{"line":119,"column":null}},"57":{"start":{"line":119,"column":18},"end":{"line":119,"column":75}},"58":{"start":{"line":120,"column":6},"end":{"line":120,"column":null}},"59":{"start":{"line":122,"column":4},"end":{"line":122,"column":null}},"60":{"start":{"line":126,"column":4},"end":{"line":126,"column":null}},"61":{"start":{"line":126,"column":10},"end":{"line":126,"column":33}},"62":{"start":{"line":126,"column":33},"end":{"line":126,"column":52}},"63":{"start":{"line":127,"column":4},"end":{"line":127,"column":null}},"64":{"start":{"line":131,"column":4},"end":{"line":137,"column":null}},"65":{"start":{"line":132,"column":19},"end":{"line":134,"column":null}},"66":{"start":{"line":135,"column":6},"end":{"line":135,"column":null}},"67":{"start":{"line":137,"column":12},"end":{"line":137,"column":22}},"68":{"start":{"line":141,"column":10},"end":{"line":141,"column":null}},"69":{"start":{"line":143,"column":4},"end":{"line":143,"column":null}},"70":{"start":{"line":143,"column":10},"end":{"line":143,"column":38}},"71":{"start":{"line":143,"column":48},"end":{"line":143,"column":56}},"72":{"start":{"line":145,"column":4},"end":{"line":155,"column":null}},"73":{"start":{"line":146,"column":6},"end":{"line":146,"column":null}},"74":{"start":{"line":146,"column":30},"end":{"line":146,"column":null}},"75":{"start":{"line":147,"column":19},"end":{"line":147,"column":null}},"76":{"start":{"line":148,"column":6},"end":{"line":148,"column":null}},"77":{"start":{"line":148,"column":49},"end":{"line":148,"column":null}},"78":{"start":{"line":149,"column":18},"end":{"line":149,"column":null}},"79":{"start":{"line":150,"column":6},"end":{"line":150,"column":null}},"80":{"start":{"line":150,"column":50},"end":{"line":150,"column":null}},"81":{"start":{"line":151,"column":18},"end":{"line":151,"column":null}},"82":{"start":{"line":152,"column":6},"end":{"line":152,"column":null}},"83":{"start":{"line":152,"column":44},"end":{"line":152,"column":null}},"84":{"start":{"line":153,"column":6},"end":{"line":153,"column":null}},"85":{"start":{"line":154,"column":6},"end":{"line":154,"column":null}},"86":{"start":{"line":159,"column":4},"end":{"line":160,"column":null}},"87":{"start":{"line":159,"column":10},"end":{"line":159,"column":93}},"88":{"start":{"line":160,"column":12},"end":{"line":160,"column":25}},"89":{"start":{"line":164,"column":4},"end":{"line":167,"column":null}},"90":{"start":{"line":165,"column":12},"end":{"line":165,"column":null}},"91":{"start":{"line":166,"column":6},"end":{"line":166,"column":null}},"92":{"start":{"line":167,"column":14},"end":{"line":167,"column":27}},"93":{"start":{"line":171,"column":4},"end":{"line":172,"column":null}},"94":{"start":{"line":171,"column":10},"end":{"line":171,"column":32}},"95":{"start":{"line":171,"column":32},"end":{"line":171,"column":45}},"96":{"start":{"line":172,"column":12},"end":{"line":172,"column":26}}},"fnMap":{"0":{"name":"constructor","decl":{"start":{"line":32,"column":2},"end":{"line":32,"column":14}},"loc":{"start":{"line":32,"column":58},"end":{"line":38,"column":null}},"line":32},"1":{"name":"(anonymous_1)","decl":{"start":{"line":35,"column":23},"end":{"line":35,"column":43}},"loc":{"start":{"line":35,"column":43},"end":{"line":35,"column":null}},"line":35},"2":{"name":"instanceId","decl":{"start":{"line":40,"column":6},"end":{"line":40,"column":27}},"loc":{"start":{"line":40,"column":27},"end":{"line":40,"column":null}},"line":40},"3":{"name":"(anonymous_3)","decl":{"start":{"line":42,"column":6},"end":{"line":42,"column":26}},"loc":{"start":{"line":42,"column":26},"end":{"line":42,"column":null}},"line":42},"4":{"name":"tick","decl":{"start":{"line":46,"column":8},"end":{"line":46,"column":47}},"loc":{"start":{"line":46,"column":47},"end":{"line":96,"column":null}},"line":46},"5":{"name":"(anonymous_5)","decl":{"start":{"line":80,"column":19},"end":{"line":80,"column":37}},"loc":{"start":{"line":80,"column":37},"end":{"line":80,"column":55}},"line":80},"6":{"name":"loop","decl":{"start":{"line":100,"column":8},"end":{"line":100,"column":13}},"loc":{"start":{"line":100,"column":56},"end":{"line":109,"column":null}},"line":100},"7":{"name":"(anonymous_7)","decl":{"start":{"line":113,"column":2},"end":{"line":113,"column":14}},"loc":{"start":{"line":113,"column":87},"end":{"line":123,"column":null}},"line":113},"8":{"name":"(anonymous_8)","decl":{"start":{"line":125,"column":8},"end":{"line":125,"column":24}},"loc":{"start":{"line":125,"column":83},"end":{"line":128,"column":null}},"line":125},"9":{"name":"(anonymous_9)","decl":{"start":{"line":130,"column":8},"end":{"line":130,"column":13}},"loc":{"start":{"line":130,"column":70},"end":{"line":138,"column":null}},"line":130},"10":{"name":"(anonymous_10)","decl":{"start":{"line":140,"column":2},"end":{"line":140,"column":19}},"loc":{"start":{"line":140,"column":19},"end":{"line":156,"column":null}},"line":140},"11":{"name":"(anonymous_11)","decl":{"start":{"line":158,"column":2},"end":{"line":158,"column":16}},"loc":{"start":{"line":158,"column":48},"end":{"line":161,"column":null}},"line":158},"12":{"name":"(anonymous_12)","decl":{"start":{"line":163,"column":2},"end":{"line":163,"column":12}},"loc":{"start":{"line":163,"column":44},"end":{"line":168,"column":null}},"line":163},"13":{"name":"(anonymous_13)","decl":{"start":{"line":170,"column":2},"end":{"line":170,"column":9}},"loc":{"start":{"line":170,"column":31},"end":{"line":173,"column":null}},"line":170}},"branchMap":{"0":{"loc":{"start":{"line":6,"column":34},"end":{"line":6,"column":77}},"type":"binary-expr","locations":[{"start":{"line":6,"column":34},"end":{"line":6,"column":67}},{"start":{"line":6,"column":67},"end":{"line":6,"column":77}}],"line":6},"1":{"loc":{"start":{"line":32,"column":32},"end":{"line":32,"column":58}},"type":"default-arg","locations":[{"start":{"line":32,"column":54},"end":{"line":32,"column":58}}],"line":32},"2":{"loc":{"start":{"line":34,"column":17},"end":{"line":34,"column":null}},"type":"binary-expr","locations":[{"start":{"line":34,"column":17},"end":{"line":34,"column":33}},{"start":{"line":34,"column":22},"end":{"line":34,"column":null}}],"line":34},"3":{"loc":{"start":{"line":35,"column":18},"end":{"line":35,"column":null}},"type":"binary-expr","locations":[{"start":{"line":35,"column":18},"end":{"line":35,"column":43}},{"start":{"line":35,"column":23},"end":{"line":35,"column":null}}],"line":35},"4":{"loc":{"start":{"line":36,"column":18},"end":{"line":36,"column":null}},"type":"binary-expr","locations":[{"start":{"line":36,"column":18},"end":{"line":36,"column":32}},{"start":{"line":36,"column":32},"end":{"line":36,"column":null}}],"line":36},"5":{"loc":{"start":{"line":37,"column":15},"end":{"line":37,"column":null}},"type":"binary-expr","locations":[{"start":{"line":37,"column":15},"end":{"line":37,"column":34}},{"start":{"line":37,"column":34},"end":{"line":37,"column":null}}],"line":37},"6":{"loc":{"start":{"line":47,"column":4},"end":{"line":50,"column":null}},"type":"if","locations":[{"start":{"line":47,"column":4},"end":{"line":50,"column":null}},{"start":{},"end":{}}],"line":47},"7":{"loc":{"start":{"line":55,"column":4},"end":{"line":55,"column":null}},"type":"if","locations":[{"start":{"line":55,"column":4},"end":{"line":55,"column":null}},{"start":{},"end":{}}],"line":55},"8":{"loc":{"start":{"line":67,"column":4},"end":{"line":67,"column":null}},"type":"if","locations":[{"start":{"line":67,"column":4},"end":{"line":67,"column":null}},{"start":{},"end":{}}],"line":67},"9":{"loc":{"start":{"line":72,"column":4},"end":{"line":92,"column":null}},"type":"if","locations":[{"start":{"line":72,"column":4},"end":{"line":92,"column":null}},{"start":{},"end":{}}],"line":72},"10":{"loc":{"start":{"line":73,"column":15},"end":{"line":73,"column":null}},"type":"binary-expr","locations":[{"start":{"line":73,"column":15},"end":{"line":73,"column":55}},{"start":{"line":73,"column":55},"end":{"line":73,"column":null}}],"line":73},"11":{"loc":{"start":{"line":74,"column":6},"end":{"line":78,"column":null}},"type":"if","locations":[{"start":{"line":74,"column":6},"end":{"line":78,"column":null}},{"start":{},"end":{}}],"line":74},"12":{"loc":{"start":{"line":74,"column":10},"end":{"line":74,"column":58}},"type":"binary-expr","locations":[{"start":{"line":74,"column":10},"end":{"line":74,"column":17}},{"start":{"line":74,"column":11},"end":{"line":74,"column":58}}],"line":74},"13":{"loc":{"start":{"line":84,"column":8},"end":{"line":84,"column":null}},"type":"if","locations":[{"start":{"line":84,"column":8},"end":{"line":84,"column":null}},{"start":{},"end":{}}],"line":84},"14":{"loc":{"start":{"line":86,"column":20},"end":{"line":86,"column":null}},"type":"cond-expr","locations":[{"start":{"line":86,"column":41},"end":{"line":86,"column":53}},{"start":{"line":86,"column":53},"end":{"line":86,"column":null}}],"line":86},"15":{"loc":{"start":{"line":87,"column":8},"end":{"line":90,"column":null}},"type":"if","locations":[{"start":{"line":87,"column":8},"end":{"line":90,"column":null}},{"start":{},"end":{}}],"line":87},"16":{"loc":{"start":{"line":100,"column":13},"end":{"line":100,"column":56}},"type":"default-arg","locations":[{"start":{"line":100,"column":35},"end":{"line":100,"column":56}}],"line":100},"17":{"loc":{"start":{"line":104,"column":6},"end":{"line":104,"column":null}},"type":"if","locations":[{"start":{"line":104,"column":6},"end":{"line":104,"column":null}},{"start":{},"end":{}}],"line":104},"18":{"loc":{"start":{"line":106,"column":6},"end":{"line":106,"column":null}},"type":"if","locations":[{"start":{"line":106,"column":6},"end":{"line":106,"column":null}},{"start":{},"end":{}}],"line":106},"19":{"loc":{"start":{"line":113,"column":47},"end":{"line":113,"column":87}},"type":"default-arg","locations":[{"start":{"line":113,"column":69},"end":{"line":113,"column":87}}],"line":113},"20":{"loc":{"start":{"line":115,"column":4},"end":{"line":121,"column":null}},"type":"if","locations":[{"start":{"line":115,"column":4},"end":{"line":121,"column":null}},{"start":{},"end":{}}],"line":115},"21":{"loc":{"start":{"line":118,"column":19},"end":{"line":118,"column":null}},"type":"binary-expr","locations":[{"start":{"line":118,"column":19},"end":{"line":118,"column":25}},{"start":{"line":118,"column":25},"end":{"line":118,"column":65}},{"start":{"line":118,"column":65},"end":{"line":118,"column":null}}],"line":118},"22":{"loc":{"start":{"line":119,"column":6},"end":{"line":119,"column":null}},"type":"if","locations":[{"start":{"line":119,"column":6},"end":{"line":119,"column":null}},{"start":{},"end":{}}],"line":119},"23":{"loc":{"start":{"line":132,"column":19},"end":{"line":134,"column":null}},"type":"cond-expr","locations":[{"start":{"line":133,"column":10},"end":{"line":133,"column":null}},{"start":{"line":134,"column":10},"end":{"line":134,"column":null}}],"line":132},"24":{"loc":{"start":{"line":146,"column":6},"end":{"line":146,"column":null}},"type":"if","locations":[{"start":{"line":146,"column":6},"end":{"line":146,"column":null}},{"start":{},"end":{}}],"line":146},"25":{"loc":{"start":{"line":148,"column":6},"end":{"line":148,"column":null}},"type":"if","locations":[{"start":{"line":148,"column":6},"end":{"line":148,"column":null}},{"start":{},"end":{}}],"line":148},"26":{"loc":{"start":{"line":148,"column":10},"end":{"line":148,"column":49}},"type":"binary-expr","locations":[{"start":{"line":148,"column":10},"end":{"line":148,"column":32}},{"start":{"line":148,"column":32},"end":{"line":148,"column":49}}],"line":148},"27":{"loc":{"start":{"line":150,"column":6},"end":{"line":150,"column":null}},"type":"if","locations":[{"start":{"line":150,"column":6},"end":{"line":150,"column":null}},{"start":{},"end":{}}],"line":150},"28":{"loc":{"start":{"line":150,"column":10},"end":{"line":150,"column":50}},"type":"binary-expr","locations":[{"start":{"line":150,"column":10},"end":{"line":150,"column":26}},{"start":{"line":150,"column":26},"end":{"line":150,"column":50}}],"line":150},"29":{"loc":{"start":{"line":152,"column":6},"end":{"line":152,"column":null}},"type":"if","locations":[{"start":{"line":152,"column":6},"end":{"line":152,"column":null}},{"start":{},"end":{}}],"line":152},"30":{"loc":{"start":{"line":152,"column":10},"end":{"line":152,"column":44}},"type":"binary-expr","locations":[{"start":{"line":152,"column":10},"end":{"line":152,"column":26}},{"start":{"line":152,"column":26},"end":{"line":152,"column":44}}],"line":152},"31":{"loc":{"start":{"line":166,"column":13},"end":{"line":166,"column":null}},"type":"binary-expr","locations":[{"start":{"line":166,"column":13},"end":{"line":166,"column":64}},{"start":{"line":166,"column":64},"end":{"line":166,"column":null}}],"line":166},"32":{"loc":{"start":{"line":166,"column":22},"end":{"line":166,"column":57}},"type":"binary-expr","locations":[{"start":{"line":166,"column":22},"end":{"line":166,"column":53}},{"start":{"line":166,"column":53},"end":{"line":166,"column":57}}],"line":166}},"s":{"0":2,"1":25,"2":25,"3":25,"4":25,"5":0,"6":25,"7":25,"8":1,"9":42,"10":41,"11":1,"12":1,"13":1,"14":40,"15":40,"16":40,"17":40,"18":6,"19":34,"20":34,"21":23,"22":11,"23":11,"24":8,"25":8,"26":2,"27":2,"28":2,"29":8,"30":8,"31":0,"32":8,"33":6,"34":6,"35":6,"36":6,"37":2,"38":2,"39":1,"40":1,"41":7,"42":7,"43":2,"44":2,"45":11,"46":11,"47":2,"48":9,"49":9,"50":3,"51":2,"52":27,"53":27,"54":6,"55":6,"56":6,"57":1,"58":6,"59":21,"60":1,"61":1,"62":1,"63":1,"64":40,"65":40,"66":40,"67":1,"68":40,"69":40,"70":40,"71":0,"72":40,"73":4,"74":0,"75":4,"76":4,"77":0,"78":4,"79":4,"80":1,"81":3,"82":3,"83":1,"84":2,"85":2,"86":4,"87":4,"88":1,"89":3,"90":3,"91":3,"92":1,"93":2,"94":2,"95":2,"96":1},"f":{"0":25,"1":0,"2":1,"3":42,"4":41,"5":0,"6":2,"7":27,"8":1,"9":40,"10":40,"11":4,"12":3,"13":2},"b":{"0":[2,2],"1":[25],"2":[25,23],"3":[25,0],"4":[25,17],"5":[25,19],"6":[1,40],"7":[6,34],"8":[23,11],"9":[8,3],"10":[8,8],"11":[2,6],"12":[8,8],"13":[4,2],"14":[2,0],"15":[1,1],"16":[2],"17":[2,9],"18":[3,6],"19":[27],"20":[6,21],"21":[6,6,5],"22":[1,5],"23":[2,38],"24":[0,4],"25":[0,4],"26":[4,4],"27":[1,3],"28":[4,3],"29":[1,2],"30":[3,2],"31":[3,0],"32":[3,0]},"meta":{"lastBranch":33,"lastFunction":14,"lastStatement":97,"seen":{"s:6:25:6:Infinity":0,"b:6:34:6:67:6:67:6:77":0,"s:30:24:30:Infinity":1,"f:32:2:32:14":0,"b:32:54:32:58":1,"s:33:4:33:Infinity":2,"s:34:4:34:Infinity":3,"b:34:17:34:33:34:22:34:Infinity":2,"s:35:4:35:Infinity":4,"b:35:18:35:43:35:23:35:Infinity":3,"f:35:23:35:43":1,"s:35:43:35:Infinity":5,"s:36:4:36:Infinity":6,"b:36:18:36:32:36:32:36:Infinity":4,"s:37:4:37:Infinity":7,"b:37:15:37:34:37:34:37:Infinity":5,"f:40:6:40:27":2,"s:40:29:40:46":8,"f:42:6:42:26":3,"s:42:28:42:64":9,"f:46:8:46:47":4,"b:47:4:50:Infinity:undefined:undefined:undefined:undefined":6,"s:47:4:50:Infinity":10,"s:48:6:48:Infinity":11,"s:48:12:48:36":12,"s:49:6:49:Infinity":13,"s:51:4:51:Infinity":14,"s:52:4:52:Infinity":15,"s:54:17:54:Infinity":16,"b:55:4:55:Infinity:undefined:undefined:undefined:undefined":7,"s:55:4:55:Infinity":17,"s:55:15:55:Infinity":18,"s:65:17:65:Infinity":19,"b:67:4:67:Infinity:undefined:undefined:undefined:undefined":8,"s:67:4:67:Infinity":20,"s:67:22:67:Infinity":21,"s:70:4:70:Infinity":22,"b:72:4:92:Infinity:undefined:undefined:undefined:undefined":9,"s:72:4:92:Infinity":23,"s:73:15:73:Infinity":24,"b:73:15:73:55:73:55:73:Infinity":10,"b:74:6:78:Infinity:undefined:undefined:undefined:undefined":11,"s:74:6:78:Infinity":25,"b:74:10:74:17:74:11:74:58":12,"s:75:8:75:Infinity":26,"s:76:8:76:Infinity":27,"s:77:8:77:Infinity":28,"s:79:6:91:Infinity":29,"s:80:19:80:Infinity":30,"f:80:19:80:37":5,"s:80:37:80:55":31,"s:81:8:81:Infinity":32,"s:82:8:82:Infinity":33,"s:83:8:83:Infinity":34,"b:84:8:84:Infinity:undefined:undefined:undefined:undefined":13,"s:84:8:84:Infinity":35,"s:84:26:84:Infinity":36,"s:86:20:86:Infinity":37,"b:86:41:86:53:86:53:86:Infinity":14,"b:87:8:90:Infinity:undefined:undefined:undefined:undefined":15,"s:87:8:90:Infinity":38,"s:88:10:88:Infinity":39,"s:89:10:89:Infinity":40,"s:94:4:94:Infinity":41,"s:95:4:95:Infinity":42,"f:100:8:100:13":6,"b:100:35:100:56":16,"s:101:16:101:Infinity":43,"s:102:4:107:Infinity":44,"s:103:21:103:Infinity":45,"b:104:6:104:Infinity:undefined:undefined:undefined:undefined":17,"s:104:6:104:Infinity":46,"s:104:24:104:Infinity":47,"s:105:6:105:Infinity":48,"b:106:6:106:Infinity:undefined:undefined:undefined:undefined":18,"s:106:6:106:Infinity":49,"s:106:23:106:Infinity":50,"s:108:4:108:Infinity":51,"f:113:2:113:14":7,"b:113:69:113:87":19,"s:114:4:114:Infinity":52,"b:115:4:121:Infinity:undefined:undefined:undefined:undefined":20,"s:115:4:121:Infinity":53,"s:116:6:116:Infinity":54,"s:118:19:118:Infinity":55,"b:118:19:118:25:118:25:118:65:118:65:118:Infinity":21,"b:119:6:119:Infinity:undefined:undefined:undefined:undefined":22,"s:119:6:119:Infinity":56,"s:119:18:119:75":57,"s:120:6:120:Infinity":58,"s:122:4:122:Infinity":59,"f:125:8:125:24":8,"s:126:4:126:Infinity":60,"s:126:10:126:33":61,"s:126:33:126:52":62,"s:127:4:127:Infinity":63,"f:130:8:130:13":9,"s:131:4:137:Infinity":64,"s:132:19:134:Infinity":65,"b:133:10:133:Infinity:134:10:134:Infinity":23,"s:135:6:135:Infinity":66,"s:137:12:137:22":67,"f:140:2:140:19":10,"s:141:10:141:Infinity":68,"s:143:4:143:Infinity":69,"s:143:10:143:38":70,"s:143:48:143:56":71,"s:145:4:155:Infinity":72,"b:146:6:146:Infinity:undefined:undefined:undefined:undefined":24,"s:146:6:146:Infinity":73,"s:146:30:146:Infinity":74,"s:147:19:147:Infinity":75,"b:148:6:148:Infinity:undefined:undefined:undefined:undefined":25,"s:148:6:148:Infinity":76,"b:148:10:148:32:148:32:148:49":26,"s:148:49:148:Infinity":77,"s:149:18:149:Infinity":78,"b:150:6:150:Infinity:undefined:undefined:undefined:undefined":27,"s:150:6:150:Infinity":79,"b:150:10:150:26:150:26:150:50":28,"s:150:50:150:Infinity":80,"s:151:18:151:Infinity":81,"b:152:6:152:Infinity:undefined:undefined:undefined:undefined":29,"s:152:6:152:Infinity":82,"b:152:10:152:26:152:26:152:44":30,"s:152:44:152:Infinity":83,"s:153:6:153:Infinity":84,"s:154:6:154:Infinity":85,"f:158:2:158:16":11,"s:159:4:160:Infinity":86,"s:159:10:159:93":87,"s:160:12:160:25":88,"f:163:2:163:12":12,"s:164:4:167:Infinity":89,"s:165:12:165:Infinity":90,"s:166:6:166:Infinity":91,"b:166:13:166:64:166:64:166:Infinity":31,"b:166:22:166:53:166:53:166:57":32,"s:167:14:167:27":92,"f:170:2:170:9":13,"s:171:4:172:Infinity":93,"s:171:10:171:32":94,"s:171:32:171:45":95,"s:172:12:172:26":96}}}
,"/Users/woonchan/pi-lab/repos/task-orchestrator/src/PiSpawner.ts": {"path":"/Users/woonchan/pi-lab/repos/task-orchestrator/src/PiSpawner.ts","statementMap":{"0":{"start":{"line":20,"column":4},"end":{"line":22,"column":null}},"1":{"start":{"line":23,"column":4},"end":{"line":23,"column":null}},"2":{"start":{"line":24,"column":4},"end":{"line":24,"column":null}},"3":{"start":{"line":29,"column":4},"end":{"line":29,"column":null}},"4":{"start":{"line":33,"column":16},"end":{"line":33,"column":null}},"5":{"start":{"line":34,"column":19},"end":{"line":35,"column":null}},"6":{"start":{"line":35,"column":29},"end":{"line":35,"column":54}},"7":{"start":{"line":37,"column":4},"end":{"line":40,"column":null}},"8":{"start":{"line":38,"column":21},"end":{"line":38,"column":null}},"9":{"start":{"line":39,"column":6},"end":{"line":39,"column":null}},"10":{"start":{"line":39,"column":26},"end":{"line":39,"column":null}},"11":{"start":{"line":41,"column":4},"end":{"line":41,"column":null}},"12":{"start":{"line":45,"column":4},"end":{"line":74,"column":null}},"13":{"start":{"line":46,"column":20},"end":{"line":46,"column":null}},"14":{"start":{"line":47,"column":12},"end":{"line":47,"column":null}},"15":{"start":{"line":47,"column":41},"end":{"line":47,"column":87}},"16":{"start":{"line":47,"column":57},"end":{"line":47,"column":73}},"17":{"start":{"line":47,"column":73},"end":{"line":47,"column":85}},"18":{"start":{"line":49,"column":12},"end":{"line":58,"column":null}},"19":{"start":{"line":60,"column":19},"end":{"line":60,"column":null}},"20":{"start":{"line":62,"column":6},"end":{"line":64,"column":null}},"21":{"start":{"line":63,"column":8},"end":{"line":63,"column":null}},"22":{"start":{"line":66,"column":6},"end":{"line":69,"column":null}},"23":{"start":{"line":67,"column":14},"end":{"line":67,"column":null}},"24":{"start":{"line":68,"column":8},"end":{"line":68,"column":null}},"25":{"start":{"line":71,"column":6},"end":{"line":73,"column":null}},"26":{"start":{"line":72,"column":8},"end":{"line":72,"column":null}},"27":{"start":{"line":79,"column":19},"end":{"line":81,"column":null}},"28":{"start":{"line":82,"column":4},"end":{"line":89,"column":null}}},"fnMap":{"0":{"name":"constructor","decl":{"start":{"line":19,"column":2},"end":{"line":19,"column":14}},"loc":{"start":{"line":19,"column":43},"end":{"line":25,"column":null}},"line":19},"1":{"name":"modelFor","decl":{"start":{"line":28,"column":2},"end":{"line":28,"column":11}},"loc":{"start":{"line":28,"column":36},"end":{"line":30,"column":null}},"line":28},"2":{"name":"spawn","decl":{"start":{"line":32,"column":8},"end":{"line":32,"column":14}},"loc":{"start":{"line":32,"column":76},"end":{"line":42,"column":null}},"line":32},"3":{"name":"(anonymous_3)","decl":{"start":{"line":35,"column":7},"end":{"line":35,"column":15}},"loc":{"start":{"line":35,"column":29},"end":{"line":35,"column":54}},"line":35},"4":{"name":"(anonymous_4)","decl":{"start":{"line":44,"column":2},"end":{"line":44,"column":7}},"loc":{"start":{"line":44,"column":74},"end":{"line":75,"column":null}},"line":44},"5":{"name":"(anonymous_5)","decl":{"start":{"line":45,"column":15},"end":{"line":45,"column":23}},"loc":{"start":{"line":45,"column":34},"end":{"line":74,"column":5}},"line":45},"6":{"name":"(anonymous_6)","decl":{"start":{"line":47,"column":12},"end":{"line":47,"column":20}},"loc":{"start":{"line":47,"column":39},"end":{"line":47,"column":null}},"line":47},"7":{"name":"(anonymous_7)","decl":{"start":{"line":62,"column":23},"end":{"line":62,"column":32}},"loc":{"start":{"line":62,"column":46},"end":{"line":64,"column":7}},"line":62},"8":{"name":"(anonymous_8)","decl":{"start":{"line":66,"column":15},"end":{"line":66,"column":25}},"loc":{"start":{"line":66,"column":49},"end":{"line":69,"column":7}},"line":66},"9":{"name":"(anonymous_9)","decl":{"start":{"line":71,"column":15},"end":{"line":71,"column":30}},"loc":{"start":{"line":71,"column":30},"end":{"line":73,"column":7}},"line":71},"10":{"name":"(anonymous_10)","decl":{"start":{"line":77,"column":2},"end":{"line":77,"column":10}},"loc":{"start":{"line":77,"column":48},"end":{"line":90,"column":null}},"line":77}},"branchMap":{"0":{"loc":{"start":{"line":19,"column":14},"end":{"line":19,"column":43}},"type":"default-arg","locations":[{"start":{"line":19,"column":39},"end":{"line":19,"column":43}}],"line":19},"1":{"loc":{"start":{"line":20,"column":18},"end":{"line":22,"column":null}},"type":"binary-expr","locations":[{"start":{"line":20,"column":18},"end":{"line":20,"column":null}},{"start":{"line":21,"column":9},"end":{"line":21,"column":null}},{"start":{"line":22,"column":9},"end":{"line":22,"column":null}}],"line":20},"2":{"loc":{"start":{"line":23,"column":21},"end":{"line":23,"column":null}},"type":"binary-expr","locations":[{"start":{"line":23,"column":21},"end":{"line":23,"column":43}},{"start":{"line":23,"column":43},"end":{"line":23,"column":null}}],"line":23},"3":{"loc":{"start":{"line":24,"column":20},"end":{"line":24,"column":null}},"type":"binary-expr","locations":[{"start":{"line":24,"column":20},"end":{"line":24,"column":36}},{"start":{"line":24,"column":36},"end":{"line":24,"column":null}}],"line":24},"4":{"loc":{"start":{"line":29,"column":11},"end":{"line":29,"column":null}},"type":"binary-expr","locations":[{"start":{"line":29,"column":11},"end":{"line":29,"column":25}},{"start":{"line":29,"column":25},"end":{"line":29,"column":null}}],"line":29},"5":{"loc":{"start":{"line":33,"column":16},"end":{"line":33,"column":null}},"type":"binary-expr","locations":[{"start":{"line":33,"column":16},"end":{"line":33,"column":32}},{"start":{"line":33,"column":32},"end":{"line":33,"column":null}}],"line":33},"6":{"loc":{"start":{"line":35,"column":29},"end":{"line":35,"column":54}},"type":"binary-expr","locations":[{"start":{"line":35,"column":29},"end":{"line":35,"column":34}},{"start":{"line":35,"column":34},"end":{"line":35,"column":54}}],"line":35},"7":{"loc":{"start":{"line":39,"column":6},"end":{"line":39,"column":null}},"type":"if","locations":[{"start":{"line":39,"column":6},"end":{"line":39,"column":null}},{"start":{},"end":{}}],"line":39},"8":{"loc":{"start":{"line":47,"column":41},"end":{"line":47,"column":87}},"type":"if","locations":[{"start":{"line":47,"column":41},"end":{"line":47,"column":87}},{"start":{},"end":{}}],"line":47},"9":{"loc":{"start":{"line":67,"column":28},"end":{"line":67,"column":67}},"type":"binary-expr","locations":[{"start":{"line":67,"column":28},"end":{"line":67,"column":63}},{"start":{"line":67,"column":63},"end":{"line":67,"column":67}}],"line":67},"10":{"loc":{"start":{"line":79,"column":19},"end":{"line":81,"column":null}},"type":"cond-expr","locations":[{"start":{"line":80,"column":8},"end":{"line":80,"column":null}},{"start":{"line":81,"column":8},"end":{"line":81,"column":null}}],"line":79}},"s":{"0":10,"1":10,"2":10,"3":10,"4":6,"5":6,"6":12,"7":6,"8":6,"9":6,"10":3,"11":3,"12":6,"13":6,"14":6,"15":7,"16":6,"17":6,"18":6,"19":6,"20":6,"21":4,"22":6,"23":5,"24":5,"25":6,"26":2,"27":6,"28":6},"f":{"0":10,"1":10,"2":6,"3":12,"4":6,"5":6,"6":7,"7":4,"8":5,"9":2,"10":6},"b":{"0":[10],"1":[10,9,8],"2":[10,10],"3":[10,10],"4":[10,6],"5":[6,3],"6":[12,12],"7":[3,3],"8":[6,1],"9":[5,4],"10":[1,5]},"meta":{"lastBranch":11,"lastFunction":11,"lastStatement":29,"seen":{"f:19:2:19:14":0,"b:19:39:19:43":0,"s:20:4:22:Infinity":0,"b:20:18:20:Infinity:21:9:21:Infinity:22:9:22:Infinity":1,"s:23:4:23:Infinity":1,"b:23:21:23:43:23:43:23:Infinity":2,"s:24:4:24:Infinity":2,"b:24:20:24:36:24:36:24:Infinity":3,"f:28:2:28:11":1,"s:29:4:29:Infinity":3,"b:29:11:29:25:29:25:29:Infinity":4,"f:32:8:32:14":2,"s:33:16:33:Infinity":4,"b:33:16:33:32:33:32:33:Infinity":5,"s:34:19:35:Infinity":5,"f:35:7:35:15":3,"s:35:29:35:54":6,"b:35:29:35:34:35:34:35:54":6,"s:37:4:40:Infinity":7,"s:38:21:38:Infinity":8,"b:39:6:39:Infinity:undefined:undefined:undefined:undefined":7,"s:39:6:39:Infinity":9,"s:39:26:39:Infinity":10,"s:41:4:41:Infinity":11,"f:44:2:44:7":4,"s:45:4:74:Infinity":12,"f:45:15:45:23":5,"s:46:20:46:Infinity":13,"s:47:12:47:Infinity":14,"f:47:12:47:20":6,"b:47:41:47:87:undefined:undefined:undefined:undefined":8,"s:47:41:47:87":15,"s:47:57:47:73":16,"s:47:73:47:85":17,"s:49:12:58:Infinity":18,"s:60:19:60:Infinity":19,"s:62:6:64:Infinity":20,"f:62:23:62:32":7,"s:63:8:63:Infinity":21,"s:66:6:69:Infinity":22,"f:66:15:66:25":8,"s:67:14:67:Infinity":23,"b:67:28:67:63:67:63:67:67":9,"s:68:8:68:Infinity":24,"s:71:6:73:Infinity":25,"f:71:15:71:30":9,"s:72:8:72:Infinity":26,"f:77:2:77:10":10,"s:79:19:81:Infinity":27,"b:80:8:80:Infinity:81:8:81:Infinity":10,"s:82:4:89:Infinity":28}}}
,"/Users/woonchan/pi-lab/repos/task-orchestrator/src/Prerequisites.ts": {"path":"/Users/woonchan/pi-lab/repos/task-orchestrator/src/Prerequisites.ts","statementMap":{"0":{"start":{"line":11,"column":26},"end":{"line":35,"column":null}},"1":{"start":{"line":13,"column":14},"end":{"line":13,"column":null}},"2":{"start":{"line":14,"column":18},"end":{"line":14,"column":null}},"3":{"start":{"line":19,"column":10},"end":{"line":19,"column":null}},"4":{"start":{"line":28,"column":16},"end":{"line":28,"column":null}},"5":{"start":{"line":29,"column":4},"end":{"line":33,"column":null}},"6":{"start":{"line":39,"column":4},"end":{"line":39,"column":null}},"7":{"start":{"line":39,"column":28},"end":{"line":39,"column":32}},"8":{"start":{"line":43,"column":18},"end":{"line":44,"column":null}},"9":{"start":{"line":44,"column":6},"end":{"line":44,"column":53}},"10":{"start":{"line":45,"column":19},"end":{"line":45,"column":null}},"11":{"start":{"line":45,"column":39},"end":{"line":45,"column":44}},"12":{"start":{"line":46,"column":4},"end":{"line":48,"column":null}},"13":{"start":{"line":47,"column":6},"end":{"line":47,"column":null}},"14":{"start":{"line":49,"column":4},"end":{"line":49,"column":null}}},"fnMap":{"0":{"name":"(anonymous_0)","decl":{"start":{"line":12,"column":8},"end":{"line":12,"column":null}},"loc":{"start":{"line":12,"column":8},"end":{"line":17,"column":null}},"line":12},"1":{"name":"(anonymous_1)","decl":{"start":{"line":18,"column":8},"end":{"line":18,"column":null}},"loc":{"start":{"line":18,"column":8},"end":{"line":26,"column":null}},"line":18},"2":{"name":"(anonymous_2)","decl":{"start":{"line":27,"column":8},"end":{"line":27,"column":null}},"loc":{"start":{"line":27,"column":8},"end":{"line":34,"column":null}},"line":27},"3":{"name":"check","decl":{"start":{"line":38,"column":15},"end":{"line":38,"column":54}},"loc":{"start":{"line":38,"column":54},"end":{"line":40,"column":null}},"line":38},"4":{"name":"(anonymous_4)","decl":{"start":{"line":39,"column":18},"end":{"line":39,"column":22}},"loc":{"start":{"line":39,"column":28},"end":{"line":39,"column":32}},"line":39},"5":{"name":"format","decl":{"start":{"line":42,"column":9},"end":{"line":42,"column":16}},"loc":{"start":{"line":42,"column":55},"end":{"line":50,"column":null}},"line":42},"6":{"name":"(anonymous_6)","decl":{"start":{"line":43,"column":26},"end":{"line":43,"column":30}},"loc":{"start":{"line":44,"column":6},"end":{"line":44,"column":53}},"line":44},"7":{"name":"(anonymous_7)","decl":{"start":{"line":45,"column":27},"end":{"line":45,"column":34}},"loc":{"start":{"line":45,"column":39},"end":{"line":45,"column":44}},"line":45}},"branchMap":{"0":{"loc":{"start":{"line":14,"column":27},"end":{"line":14,"column":60}},"type":"binary-expr","locations":[{"start":{"line":14,"column":27},"end":{"line":14,"column":55}},{"start":{"line":14,"column":55},"end":{"line":14,"column":60}}],"line":14},"1":{"loc":{"start":{"line":28,"column":16},"end":{"line":28,"column":null}},"type":"binary-expr","locations":[{"start":{"line":28,"column":16},"end":{"line":28,"column":50}},{"start":{"line":28,"column":50},"end":{"line":28,"column":83}},{"start":{"line":28,"column":83},"end":{"line":28,"column":null}}],"line":28},"2":{"loc":{"start":{"line":32,"column":15},"end":{"line":32,"column":null}},"type":"cond-expr","locations":[{"start":{"line":32,"column":21},"end":{"line":32,"column":31}},{"start":{"line":32,"column":31},"end":{"line":32,"column":null}}],"line":32},"3":{"loc":{"start":{"line":44,"column":11},"end":{"line":44,"column":28}},"type":"cond-expr","locations":[{"start":{"line":44,"column":18},"end":{"line":44,"column":24}},{"start":{"line":44,"column":24},"end":{"line":44,"column":28}}],"line":44},"4":{"loc":{"start":{"line":46,"column":4},"end":{"line":48,"column":null}},"type":"if","locations":[{"start":{"line":46,"column":4},"end":{"line":48,"column":null}},{"start":{},"end":{}}],"line":46}},"s":{"0":1,"1":6,"2":6,"3":6,"4":6,"5":6,"6":6,"7":18,"8":3,"9":6,"10":3,"11":6,"12":3,"13":2,"14":3},"f":{"0":6,"1":6,"2":6,"3":1,"4":18,"5":1,"6":6,"7":6},"b":{"0":[6,0],"1":[6,1,1],"2":[5,1],"3":[3,3],"4":[2,1]},"meta":{"lastBranch":5,"lastFunction":8,"lastStatement":15,"seen":{"s:11:26:35:Infinity":0,"f:12:8:12:Infinity":0,"s:13:14:13:Infinity":1,"s:14:18:14:Infinity":2,"b:14:27:14:55:14:55:14:60":0,"f:18:8:18:Infinity":1,"s:19:10:19:Infinity":3,"f:27:8:27:Infinity":2,"s:28:16:28:Infinity":4,"b:28:16:28:50:28:50:28:83:28:83:28:Infinity":1,"s:29:4:33:Infinity":5,"b:32:21:32:31:32:31:32:Infinity":2,"f:38:15:38:54":3,"s:39:4:39:Infinity":6,"f:39:18:39:22":4,"s:39:28:39:32":7,"f:42:9:42:16":5,"s:43:18:44:Infinity":8,"f:43:26:43:30":6,"s:44:6:44:53":9,"b:44:18:44:24:44:24:44:28":3,"s:45:19:45:Infinity":10,"f:45:27:45:34":7,"s:45:39:45:44":11,"b:46:4:48:Infinity:undefined:undefined:undefined:undefined":4,"s:46:4:48:Infinity":12,"s:47:6:47:Infinity":13,"s:49:4:49:Infinity":14}}}
,"/Users/woonchan/pi-lab/repos/task-orchestrator/src/Status.ts": {"path":"/Users/woonchan/pi-lab/repos/task-orchestrator/src/Status.ts","statementMap":{"0":{"start":{"line":1,"column":22},"end":{"line":6,"column":null}},"1":{"start":{"line":9,"column":13},"end":{"line":9,"column":null}},"2":{"start":{"line":9,"column":42},"end":{"line":9,"column":null}},"3":{"start":{"line":10,"column":13},"end":{"line":10,"column":null}},"4":{"start":{"line":10,"column":52},"end":{"line":10,"column":null}},"5":{"start":{"line":11,"column":13},"end":{"line":12,"column":null}},"6":{"start":{"line":12,"column":2},"end":{"line":12,"column":null}},"7":{"start":{"line":14,"column":37},"end":{"line":14,"column":null}},"8":{"start":{"line":15,"column":28},"end":{"line":15,"column":null}},"9":{"start":{"line":17,"column":13},"end":{"line":23,"column":null}},"10":{"start":{"line":18,"column":2},"end":{"line":18,"column":null}},"11":{"start":{"line":18,"column":28},"end":{"line":18,"column":null}},"12":{"start":{"line":19,"column":2},"end":{"line":19,"column":null}},"13":{"start":{"line":19,"column":27},"end":{"line":19,"column":null}},"14":{"start":{"line":20,"column":2},"end":{"line":20,"column":null}},"15":{"start":{"line":20,"column":28},"end":{"line":20,"column":null}},"16":{"start":{"line":21,"column":2},"end":{"line":21,"column":null}},"17":{"start":{"line":21,"column":30},"end":{"line":21,"column":null}},"18":{"start":{"line":22,"column":2},"end":{"line":22,"column":null}},"19":{"start":{"line":25,"column":22},"end":{"line":25,"column":null}}},"fnMap":{"0":{"name":"(anonymous_0)","decl":{"start":{"line":9,"column":13},"end":{"line":9,"column":27}},"loc":{"start":{"line":9,"column":42},"end":{"line":9,"column":null}},"line":9},"1":{"name":"(anonymous_1)","decl":{"start":{"line":10,"column":13},"end":{"line":10,"column":29}},"loc":{"start":{"line":10,"column":52},"end":{"line":10,"column":null}},"line":10},"2":{"name":"(anonymous_2)","decl":{"start":{"line":11,"column":13},"end":{"line":11,"column":29}},"loc":{"start":{"line":12,"column":2},"end":{"line":12,"column":null}},"line":12},"3":{"name":"(anonymous_3)","decl":{"start":{"line":17,"column":13},"end":{"line":17,"column":30}},"loc":{"start":{"line":17,"column":61},"end":{"line":23,"column":null}},"line":17}},"branchMap":{"0":{"loc":{"start":{"line":12,"column":2},"end":{"line":12,"column":null}},"type":"binary-expr","locations":[{"start":{"line":12,"column":2},"end":{"line":12,"column":26}},{"start":{"line":12,"column":26},"end":{"line":12,"column":null}}],"line":12},"1":{"loc":{"start":{"line":14,"column":46},"end":{"line":14,"column":80}},"type":"binary-expr","locations":[{"start":{"line":14,"column":46},"end":{"line":14,"column":75}},{"start":{"line":14,"column":75},"end":{"line":14,"column":80}}],"line":14},"2":{"loc":{"start":{"line":15,"column":37},"end":{"line":15,"column":75}},"type":"binary-expr","locations":[{"start":{"line":15,"column":37},"end":{"line":15,"column":70}},{"start":{"line":15,"column":70},"end":{"line":15,"column":75}}],"line":15},"3":{"loc":{"start":{"line":18,"column":2},"end":{"line":18,"column":null}},"type":"if","locations":[{"start":{"line":18,"column":2},"end":{"line":18,"column":null}},{"start":{},"end":{}}],"line":18},"4":{"loc":{"start":{"line":19,"column":2},"end":{"line":19,"column":null}},"type":"if","locations":[{"start":{"line":19,"column":2},"end":{"line":19,"column":null}},{"start":{},"end":{}}],"line":19},"5":{"loc":{"start":{"line":20,"column":2},"end":{"line":20,"column":null}},"type":"if","locations":[{"start":{"line":20,"column":2},"end":{"line":20,"column":null}},{"start":{},"end":{}}],"line":20},"6":{"loc":{"start":{"line":21,"column":2},"end":{"line":21,"column":null}},"type":"if","locations":[{"start":{"line":21,"column":2},"end":{"line":21,"column":null}},{"start":{},"end":{}}],"line":21}},"s":{"0":4,"1":4,"2":29,"3":4,"4":159,"5":4,"6":26,"7":4,"8":4,"9":4,"10":117,"11":90,"12":27,"13":13,"14":14,"15":3,"16":11,"17":10,"18":1,"19":4},"f":{"0":29,"1":159,"2":26,"3":117},"b":{"0":[26,4],"1":[4,4],"2":[4,4],"3":[90,27],"4":[13,14],"5":[3,11],"6":[10,1]},"meta":{"lastBranch":7,"lastFunction":4,"lastStatement":20,"seen":{"s:1:22:6:Infinity":0,"s:9:13:9:Infinity":1,"f:9:13:9:27":0,"s:9:42:9:Infinity":2,"s:10:13:10:Infinity":3,"f:10:13:10:29":1,"s:10:52:10:Infinity":4,"s:11:13:12:Infinity":5,"f:11:13:11:29":2,"s:12:2:12:Infinity":6,"b:12:2:12:26:12:26:12:Infinity":0,"s:14:37:14:Infinity":7,"b:14:46:14:75:14:75:14:80":1,"s:15:28:15:Infinity":8,"b:15:37:15:70:15:70:15:75":2,"s:17:13:23:Infinity":9,"f:17:13:17:30":3,"b:18:2:18:Infinity:undefined:undefined:undefined:undefined":3,"s:18:2:18:Infinity":10,"s:18:28:18:Infinity":11,"b:19:2:19:Infinity:undefined:undefined:undefined:undefined":4,"s:19:2:19:Infinity":12,"s:19:27:19:Infinity":13,"b:20:2:20:Infinity:undefined:undefined:undefined:undefined":5,"s:20:2:20:Infinity":14,"s:20:28:20:Infinity":15,"b:21:2:21:Infinity:undefined:undefined:undefined:undefined":6,"s:21:2:21:Infinity":16,"s:21:30:21:Infinity":17,"s:22:2:22:Infinity":18,"s:25:22:25:Infinity":19}}}
,"/Users/woonchan/pi-lab/repos/task-orchestrator/src/TaskState.ts": {"path":"/Users/woonchan/pi-lab/repos/task-orchestrator/src/TaskState.ts","statementMap":{"0":{"start":{"line":12,"column":19},"end":{"line":12,"column":null}},"1":{"start":{"line":13,"column":19},"end":{"line":13,"column":null}},"2":{"start":{"line":14,"column":19},"end":{"line":14,"column":null}},"3":{"start":{"line":15,"column":19},"end":{"line":15,"column":null}},"4":{"start":{"line":16,"column":19},"end":{"line":16,"column":null}},"5":{"start":{"line":17,"column":19},"end":{"line":17,"column":null}},"6":{"start":{"line":18,"column":19},"end":{"line":18,"column":null}},"7":{"start":{"line":54,"column":27},"end":{"line":54,"column":null}},"8":{"start":{"line":59,"column":4},"end":{"line":59,"column":null}},"9":{"start":{"line":62,"column":28},"end":{"line":62,"column":46}},"10":{"start":{"line":66,"column":4},"end":{"line":66,"column":null}},"11":{"start":{"line":68,"column":27},"end":{"line":68,"column":55}},"12":{"start":{"line":70,"column":25},"end":{"line":70,"column":38}},"13":{"start":{"line":71,"column":25},"end":{"line":71,"column":49}},"14":{"start":{"line":72,"column":23},"end":{"line":72,"column":45}},"15":{"start":{"line":76,"column":4},"end":{"line":79,"column":null}},"16":{"start":{"line":77,"column":12},"end":{"line":77,"column":null}},"17":{"start":{"line":78,"column":6},"end":{"line":78,"column":null}},"18":{"start":{"line":79,"column":14},"end":{"line":79,"column":37}},"19":{"start":{"line":83,"column":10},"end":{"line":83,"column":null}},"20":{"start":{"line":85,"column":10},"end":{"line":85,"column":null}},"21":{"start":{"line":86,"column":4},"end":{"line":86,"column":null}},"22":{"start":{"line":87,"column":4},"end":{"line":87,"column":null}},"23":{"start":{"line":88,"column":4},"end":{"line":88,"column":null}},"24":{"start":{"line":90,"column":10},"end":{"line":90,"column":null}},"25":{"start":{"line":91,"column":4},"end":{"line":96,"column":null}},"26":{"start":{"line":92,"column":12},"end":{"line":92,"column":null}},"27":{"start":{"line":93,"column":12},"end":{"line":93,"column":null}},"28":{"start":{"line":94,"column":6},"end":{"line":94,"column":null}},"29":{"start":{"line":95,"column":6},"end":{"line":95,"column":null}},"30":{"start":{"line":95,"column":12},"end":{"line":95,"column":41}},"31":{"start":{"line":95,"column":41},"end":{"line":95,"column":59}},"32":{"start":{"line":99,"column":32},"end":{"line":99,"column":71}},"33":{"start":{"line":100,"column":32},"end":{"line":100,"column":73}},"34":{"start":{"line":101,"column":32},"end":{"line":101,"column":70}},"35":{"start":{"line":102,"column":32},"end":{"line":102,"column":71}},"36":{"start":{"line":103,"column":32},"end":{"line":103,"column":66}},"37":{"start":{"line":104,"column":32},"end":{"line":104,"column":66}},"38":{"start":{"line":108,"column":4},"end":{"line":109,"column":null}},"39":{"start":{"line":108,"column":10},"end":{"line":108,"column":94}},"40":{"start":{"line":109,"column":12},"end":{"line":109,"column":22}},"41":{"start":{"line":112,"column":14},"end":{"line":112,"column":null}},"42":{"start":{"line":113,"column":4},"end":{"line":113,"column":null}},"43":{"start":{"line":114,"column":4},"end":{"line":114,"column":null}},"44":{"start":{"line":116,"column":29},"end":{"line":116,"column":82}},"45":{"start":{"line":116,"column":35},"end":{"line":116,"column":71}},"46":{"start":{"line":117,"column":32},"end":{"line":117,"column":87}},"47":{"start":{"line":121,"column":4},"end":{"line":122,"column":null}},"48":{"start":{"line":121,"column":10},"end":{"line":121,"column":95}},"49":{"start":{"line":122,"column":12},"end":{"line":122,"column":22}},"50":{"start":{"line":125,"column":14},"end":{"line":125,"column":null}},"51":{"start":{"line":126,"column":4},"end":{"line":126,"column":null}},"52":{"start":{"line":127,"column":4},"end":{"line":127,"column":null}},"53":{"start":{"line":132,"column":4},"end":{"line":135,"column":null}},"54":{"start":{"line":133,"column":6},"end":{"line":134,"column":null}},"55":{"start":{"line":135,"column":14},"end":{"line":135,"column":25}},"56":{"start":{"line":138,"column":4},"end":{"line":138,"column":null}},"57":{"start":{"line":142,"column":4},"end":{"line":146,"column":null}},"58":{"start":{"line":144,"column":22},"end":{"line":144,"column":null}},"59":{"start":{"line":145,"column":6},"end":{"line":145,"column":null}},"60":{"start":{"line":145,"column":59},"end":{"line":145,"column":null}},"61":{"start":{"line":147,"column":4},"end":{"line":147,"column":null}},"62":{"start":{"line":151,"column":4},"end":{"line":157,"column":null}},"63":{"start":{"line":152,"column":12},"end":{"line":152,"column":null}},"64":{"start":{"line":154,"column":6},"end":{"line":154,"column":null}},"65":{"start":{"line":154,"column":12},"end":{"line":154,"column":45}},"66":{"start":{"line":154,"column":55},"end":{"line":154,"column":65}},"67":{"start":{"line":155,"column":20},"end":{"line":155,"column":null}},"68":{"start":{"line":155,"column":38},"end":{"line":155,"column":71}},"69":{"start":{"line":156,"column":6},"end":{"line":156,"column":null}},"70":{"start":{"line":156,"column":17},"end":{"line":156,"column":null}},"71":{"start":{"line":158,"column":4},"end":{"line":158,"column":null}},"72":{"start":{"line":163,"column":10},"end":{"line":163,"column":null}},"73":{"start":{"line":164,"column":4},"end":{"line":164,"column":null}},"74":{"start":{"line":164,"column":10},"end":{"line":164,"column":24}},"75":{"start":{"line":164,"column":34},"end":{"line":164,"column":48}},"76":{"start":{"line":165,"column":4},"end":{"line":166,"column":null}},"77":{"start":{"line":167,"column":4},"end":{"line":167,"column":null}},"78":{"start":{"line":168,"column":4},"end":{"line":168,"column":null}},"79":{"start":{"line":169,"column":4},"end":{"line":169,"column":null}},"80":{"start":{"line":172,"column":29},"end":{"line":172,"column":74}},"81":{"start":{"line":175,"column":4},"end":{"line":182,"column":null}},"82":{"start":{"line":176,"column":12},"end":{"line":176,"column":null}},"83":{"start":{"line":177,"column":6},"end":{"line":181,"column":null}},"84":{"start":{"line":182,"column":14},"end":{"line":182,"column":27}},"85":{"start":{"line":185,"column":31},"end":{"line":185,"column":73}},"86":{"start":{"line":188,"column":4},"end":{"line":188,"column":null}},"87":{"start":{"line":188,"column":10},"end":{"line":188,"column":63}},"88":{"start":{"line":192,"column":4},"end":{"line":192,"column":null}},"89":{"start":{"line":192,"column":10},"end":{"line":192,"column":78}},"90":{"start":{"line":193,"column":4},"end":{"line":193,"column":null}},"91":{"start":{"line":197,"column":4},"end":{"line":197,"column":null}},"92":{"start":{"line":198,"column":4},"end":{"line":198,"column":null}},"93":{"start":{"line":203,"column":4},"end":{"line":207,"column":null}},"94":{"start":{"line":204,"column":12},"end":{"line":204,"column":null}},"95":{"start":{"line":205,"column":22},"end":{"line":205,"column":null}},"96":{"start":{"line":206,"column":6},"end":{"line":206,"column":null}},"97":{"start":{"line":206,"column":55},"end":{"line":206,"column":87}},"98":{"start":{"line":207,"column":14},"end":{"line":207,"column":25}},"99":{"start":{"line":211,"column":4},"end":{"line":216,"column":null}},"100":{"start":{"line":212,"column":12},"end":{"line":212,"column":null}},"101":{"start":{"line":213,"column":6},"end":{"line":215,"column":null}},"102":{"start":{"line":216,"column":14},"end":{"line":216,"column":36}},"103":{"start":{"line":220,"column":4},"end":{"line":223,"column":null}},"104":{"start":{"line":221,"column":6},"end":{"line":222,"column":null}},"105":{"start":{"line":223,"column":14},"end":{"line":223,"column":25}},"106":{"start":{"line":230,"column":4},"end":{"line":230,"column":null}},"107":{"start":{"line":231,"column":16},"end":{"line":231,"column":null}},"108":{"start":{"line":232,"column":4},"end":{"line":244,"column":null}},"109":{"start":{"line":233,"column":6},"end":{"line":243,"column":null}},"110":{"start":{"line":234,"column":8},"end":{"line":242,"column":null}},"111":{"start":{"line":235,"column":20},"end":{"line":235,"column":null}},"112":{"start":{"line":236,"column":10},"end":{"line":236,"column":null}},"113":{"start":{"line":236,"column":23},"end":{"line":236,"column":null}},"114":{"start":{"line":237,"column":16},"end":{"line":237,"column":null}},"115":{"start":{"line":238,"column":10},"end":{"line":238,"column":null}},"116":{"start":{"line":238,"column":16},"end":{"line":238,"column":36}},"117":{"start":{"line":238,"column":46},"end":{"line":238,"column":56}},"118":{"start":{"line":239,"column":20},"end":{"line":239,"column":null}},"119":{"start":{"line":240,"column":10},"end":{"line":240,"column":null}},"120":{"start":{"line":241,"column":10},"end":{"line":241,"column":null}},"121":{"start":{"line":245,"column":4},"end":{"line":245,"column":null}},"122":{"start":{"line":253,"column":4},"end":{"line":281,"column":null}},"123":{"start":{"line":255,"column":6},"end":{"line":256,"column":null}},"124":{"start":{"line":255,"column":12},"end":{"line":255,"column":63}},"125":{"start":{"line":256,"column":14},"end":{"line":256,"column":24}},"126":{"start":{"line":258,"column":19},"end":{"line":261,"column":null}},"127":{"start":{"line":259,"column":30},"end":{"line":259,"column":51}},"128":{"start":{"line":259,"column":51},"end":{"line":259,"column":91}},"129":{"start":{"line":261,"column":24},"end":{"line":261,"column":29}},"130":{"start":{"line":263,"column":6},"end":{"line":280,"column":null}},"131":{"start":{"line":264,"column":24},"end":{"line":265,"column":null}},"132":{"start":{"line":265,"column":10},"end":{"line":265,"column":42}},"133":{"start":{"line":266,"column":8},"end":{"line":266,"column":null}},"134":{"start":{"line":266,"column":22},"end":{"line":266,"column":null}},"135":{"start":{"line":268,"column":18},"end":{"line":268,"column":null}},"136":{"start":{"line":270,"column":8},"end":{"line":270,"column":null}},"137":{"start":{"line":270,"column":42},"end":{"line":270,"column":null}},"138":{"start":{"line":271,"column":8},"end":{"line":271,"column":null}},"139":{"start":{"line":271,"column":60},"end":{"line":271,"column":77}},"140":{"start":{"line":271,"column":77},"end":{"line":271,"column":87}},"141":{"start":{"line":272,"column":8},"end":{"line":276,"column":null}},"142":{"start":{"line":273,"column":10},"end":{"line":273,"column":null}},"143":{"start":{"line":273,"column":30},"end":{"line":273,"column":56}},"144":{"start":{"line":273,"column":56},"end":{"line":273,"column":66}},"145":{"start":{"line":274,"column":10},"end":{"line":274,"column":null}},"146":{"start":{"line":274,"column":45},"end":{"line":274,"column":null}},"147":{"start":{"line":275,"column":10},"end":{"line":275,"column":null}},"148":{"start":{"line":277,"column":8},"end":{"line":277,"column":null}},"149":{"start":{"line":277,"column":61},"end":{"line":277,"column":null}},"150":{"start":{"line":278,"column":8},"end":{"line":278,"column":null}},"151":{"start":{"line":278,"column":34},"end":{"line":278,"column":null}},"152":{"start":{"line":279,"column":8},"end":{"line":279,"column":null}},"153":{"start":{"line":282,"column":4},"end":{"line":282,"column":null}},"154":{"start":{"line":286,"column":4},"end":{"line":286,"column":null}}},"fnMap":{"0":{"name":"constructor","decl":{"start":{"line":58,"column":2},"end":{"line":58,"column":14}},"loc":{"start":{"line":58,"column":27},"end":{"line":60,"column":null}},"line":58},"1":{"name":"directory","decl":{"start":{"line":62,"column":6},"end":{"line":62,"column":26}},"loc":{"start":{"line":62,"column":26},"end":{"line":62,"column":null}},"line":62},"2":{"name":"taskNumber","decl":{"start":{"line":65,"column":6},"end":{"line":65,"column":27}},"loc":{"start":{"line":65,"column":27},"end":{"line":67,"column":null}},"line":65},"3":{"name":"taskName","decl":{"start":{"line":68,"column":6},"end":{"line":68,"column":25}},"loc":{"start":{"line":68,"column":25},"end":{"line":68,"column":null}},"line":68},"4":{"name":"info","decl":{"start":{"line":70,"column":6},"end":{"line":70,"column":23}},"loc":{"start":{"line":70,"column":23},"end":{"line":70,"column":null}},"line":70},"5":{"name":"number","decl":{"start":{"line":71,"column":6},"end":{"line":71,"column":23}},"loc":{"start":{"line":71,"column":23},"end":{"line":71,"column":null}},"line":71},"6":{"name":"name","decl":{"start":{"line":72,"column":6},"end":{"line":72,"column":21}},"loc":{"start":{"line":72,"column":21},"end":{"line":72,"column":null}},"line":72},"7":{"name":"status","decl":{"start":{"line":75,"column":6},"end":{"line":75,"column":23}},"loc":{"start":{"line":75,"column":23},"end":{"line":80,"column":null}},"line":75},"8":{"name":"status","decl":{"start":{"line":82,"column":6},"end":{"line":82,"column":13}},"loc":{"start":{"line":82,"column":33},"end":{"line":97,"column":null}},"line":82},"9":{"name":"isPending","decl":{"start":{"line":99,"column":6},"end":{"line":99,"column":30}},"loc":{"start":{"line":99,"column":30},"end":{"line":99,"column":null}},"line":99},"10":{"name":"isConverged","decl":{"start":{"line":100,"column":6},"end":{"line":100,"column":30}},"loc":{"start":{"line":100,"column":30},"end":{"line":100,"column":null}},"line":100},"11":{"name":"isFailed","decl":{"start":{"line":101,"column":6},"end":{"line":101,"column":30}},"loc":{"start":{"line":101,"column":30},"end":{"line":101,"column":null}},"line":101},"12":{"name":"isBlocked","decl":{"start":{"line":102,"column":6},"end":{"line":102,"column":30}},"loc":{"start":{"line":102,"column":30},"end":{"line":102,"column":null}},"line":102},"13":{"name":"isInProgress","decl":{"start":{"line":103,"column":6},"end":{"line":103,"column":30}},"loc":{"start":{"line":103,"column":30},"end":{"line":103,"column":null}},"line":103},"14":{"name":"isActionable","decl":{"start":{"line":104,"column":6},"end":{"line":104,"column":30}},"loc":{"start":{"line":104,"column":30},"end":{"line":104,"column":null}},"line":104},"15":{"name":"convergenceCount","decl":{"start":{"line":107,"column":6},"end":{"line":107,"column":33}},"loc":{"start":{"line":107,"column":33},"end":{"line":110,"column":null}},"line":107},"16":{"name":"incrementConvergence","decl":{"start":{"line":111,"column":2},"end":{"line":111,"column":33}},"loc":{"start":{"line":111,"column":33},"end":{"line":115,"column":null}},"line":111},"17":{"name":"resetConvergence","decl":{"start":{"line":116,"column":2},"end":{"line":116,"column":27}},"loc":{"start":{"line":116,"column":27},"end":{"line":116,"column":null}},"line":116},"18":{"name":"hasConverged","decl":{"start":{"line":117,"column":6},"end":{"line":117,"column":30}},"loc":{"start":{"line":117,"column":30},"end":{"line":117,"column":null}},"line":117},"19":{"name":"failureCount","decl":{"start":{"line":120,"column":6},"end":{"line":120,"column":29}},"loc":{"start":{"line":120,"column":29},"end":{"line":123,"column":null}},"line":120},"20":{"name":"incrementFailures","decl":{"start":{"line":124,"column":2},"end":{"line":124,"column":30}},"loc":{"start":{"line":124,"column":30},"end":{"line":128,"column":null}},"line":124},"21":{"name":"dependencies","decl":{"start":{"line":131,"column":6},"end":{"line":131,"column":40}},"loc":{"start":{"line":131,"column":40},"end":{"line":136,"column":null}},"line":131},"22":{"name":"dependencies","decl":{"start":{"line":137,"column":6},"end":{"line":137,"column":19}},"loc":{"start":{"line":137,"column":44},"end":{"line":139,"column":null}},"line":137},"23":{"name":"dependenciesMet","decl":{"start":{"line":141,"column":2},"end":{"line":141,"column":18}},"loc":{"start":{"line":141,"column":45},"end":{"line":148,"column":null}},"line":141},"24":{"name":"(anonymous_24)","decl":{"start":{"line":150,"column":9},"end":{"line":150,"column":23}},"loc":{"start":{"line":150,"column":72},"end":{"line":159,"column":null}},"line":150},"25":{"name":"(anonymous_25)","decl":{"start":{"line":155,"column":28},"end":{"line":155,"column":33}},"loc":{"start":{"line":155,"column":38},"end":{"line":155,"column":71}},"line":155},"26":{"name":"claim","decl":{"start":{"line":162,"column":2},"end":{"line":162,"column":8}},"loc":{"start":{"line":162,"column":37},"end":{"line":170,"column":null}},"line":162},"27":{"name":"isClaimed","decl":{"start":{"line":172,"column":6},"end":{"line":172,"column":27}},"loc":{"start":{"line":172,"column":27},"end":{"line":172,"column":null}},"line":172},"28":{"name":"claimOwner","decl":{"start":{"line":174,"column":6},"end":{"line":174,"column":38}},"loc":{"start":{"line":174,"column":38},"end":{"line":183,"column":null}},"line":174},"29":{"name":"claimOwnerId","decl":{"start":{"line":185,"column":6},"end":{"line":185,"column":29}},"loc":{"start":{"line":185,"column":29},"end":{"line":185,"column":null}},"line":185},"30":{"name":"heartbeat","decl":{"start":{"line":187,"column":2},"end":{"line":187,"column":20}},"loc":{"start":{"line":187,"column":20},"end":{"line":189,"column":null}},"line":187},"31":{"name":"release","decl":{"start":{"line":191,"column":2},"end":{"line":191,"column":10}},"loc":{"start":{"line":191,"column":52},"end":{"line":194,"column":null}},"line":191},"32":{"name":"markBlocked","decl":{"start":{"line":196,"column":2},"end":{"line":196,"column":22}},"loc":{"start":{"line":196,"column":22},"end":{"line":199,"column":null}},"line":196},"33":{"name":"scope","decl":{"start":{"line":202,"column":6},"end":{"line":202,"column":24}},"loc":{"start":{"line":202,"column":24},"end":{"line":208,"column":null}},"line":202},"34":{"name":"(anonymous_34)","decl":{"start":{"line":206,"column":46},"end":{"line":206,"column":50}},"loc":{"start":{"line":206,"column":55},"end":{"line":206,"column":87}},"line":206},"35":{"name":"goal","decl":{"start":{"line":210,"column":6},"end":{"line":210,"column":21}},"loc":{"start":{"line":210,"column":21},"end":{"line":217,"column":null}},"line":210},"36":{"name":"model","decl":{"start":{"line":219,"column":6},"end":{"line":219,"column":22}},"loc":{"start":{"line":219,"column":22},"end":{"line":224,"column":null}},"line":219},"37":{"name":"scan","decl":{"start":{"line":229,"column":15},"end":{"line":229,"column":20}},"loc":{"start":{"line":229,"column":71},"end":{"line":246,"column":null}},"line":229},"38":{"name":"pick","decl":{"start":{"line":249,"column":15},"end":{"line":249,"column":null}},"loc":{"start":{"line":252,"column":31},"end":{"line":283,"column":null}},"line":252},"39":{"name":"(anonymous_39)","decl":{"start":{"line":259,"column":9},"end":{"line":259,"column":13}},"loc":{"start":{"line":259,"column":18},"end":{"line":259,"column":92}},"line":259},"40":{"name":"(anonymous_40)","decl":{"start":{"line":261,"column":9},"end":{"line":261,"column":15}},"loc":{"start":{"line":261,"column":24},"end":{"line":261,"column":29}},"line":261},"41":{"name":"(anonymous_41)","decl":{"start":{"line":264,"column":32},"end":{"line":264,"column":37}},"loc":{"start":{"line":265,"column":10},"end":{"line":265,"column":42}},"line":265},"42":{"name":"statusCache","decl":{"start":{"line":285,"column":13},"end":{"line":285,"column":56}},"loc":{"start":{"line":285,"column":56},"end":{"line":287,"column":null}},"line":285}},"branchMap":{"0":{"loc":{"start":{"line":66,"column":11},"end":{"line":66,"column":null}},"type":"binary-expr","locations":[{"start":{"line":66,"column":11},"end":{"line":66,"column":77}},{"start":{"line":66,"column":77},"end":{"line":66,"column":null}}],"line":66},"1":{"loc":{"start":{"line":66,"column":11},"end":{"line":66,"column":70}},"type":"binary-expr","locations":[{"start":{"line":66,"column":11},"end":{"line":66,"column":66}},{"start":{"line":66,"column":66},"end":{"line":66,"column":70}}],"line":66},"2":{"loc":{"start":{"line":78,"column":14},"end":{"line":78,"column":null}},"type":"binary-expr","locations":[{"start":{"line":78,"column":14},"end":{"line":78,"column":21}},{"start":{"line":78,"column":21},"end":{"line":78,"column":null}}],"line":78},"3":{"loc":{"start":{"line":83,"column":10},"end":{"line":83,"column":null}},"type":"cond-expr","locations":[{"start":{"line":83,"column":35},"end":{"line":83,"column":53}},{"start":{"line":83,"column":53},"end":{"line":83,"column":null}}],"line":83},"4":{"loc":{"start":{"line":91,"column":4},"end":{"line":96,"column":null}},"type":"if","locations":[{"start":{"line":91,"column":4},"end":{"line":96,"column":null}},{"start":{},"end":{}}],"line":91},"5":{"loc":{"start":{"line":108,"column":17},"end":{"line":108,"column":94}},"type":"binary-expr","locations":[{"start":{"line":108,"column":17},"end":{"line":108,"column":91}},{"start":{"line":108,"column":91},"end":{"line":108,"column":94}}],"line":108},"6":{"loc":{"start":{"line":121,"column":17},"end":{"line":121,"column":95}},"type":"binary-expr","locations":[{"start":{"line":121,"column":17},"end":{"line":121,"column":92}},{"start":{"line":121,"column":92},"end":{"line":121,"column":95}}],"line":121},"7":{"loc":{"start":{"line":145,"column":6},"end":{"line":145,"column":null}},"type":"if","locations":[{"start":{"line":145,"column":6},"end":{"line":145,"column":null}},{"start":{},"end":{}}],"line":145},"8":{"loc":{"start":{"line":145,"column":10},"end":{"line":145,"column":59}},"type":"binary-expr","locations":[{"start":{"line":145,"column":10},"end":{"line":145,"column":22}},{"start":{"line":145,"column":22},"end":{"line":145,"column":59}}],"line":145},"9":{"loc":{"start":{"line":156,"column":6},"end":{"line":156,"column":null}},"type":"if","locations":[{"start":{"line":156,"column":6},"end":{"line":156,"column":null}},{"start":{},"end":{}}],"line":156},"10":{"loc":{"start":{"line":178,"column":29},"end":{"line":178,"column":65}},"type":"binary-expr","locations":[{"start":{"line":178,"column":29},"end":{"line":178,"column":60}},{"start":{"line":178,"column":60},"end":{"line":178,"column":65}}],"line":178},"11":{"loc":{"start":{"line":179,"column":29},"end":{"line":179,"column":69}},"type":"binary-expr","locations":[{"start":{"line":179,"column":29},"end":{"line":179,"column":64}},{"start":{"line":179,"column":64},"end":{"line":179,"column":69}}],"line":179},"12":{"loc":{"start":{"line":180,"column":20},"end":{"line":180,"column":null}},"type":"binary-expr","locations":[{"start":{"line":180,"column":20},"end":{"line":180,"column":55}},{"start":{"line":180,"column":55},"end":{"line":180,"column":null}}],"line":180},"13":{"loc":{"start":{"line":185,"column":38},"end":{"line":185,"column":73}},"type":"binary-expr","locations":[{"start":{"line":185,"column":38},"end":{"line":185,"column":69}},{"start":{"line":185,"column":69},"end":{"line":185,"column":73}}],"line":185},"14":{"loc":{"start":{"line":191,"column":10},"end":{"line":191,"column":52}},"type":"default-arg","locations":[{"start":{"line":191,"column":30},"end":{"line":191,"column":52}}],"line":191},"15":{"loc":{"start":{"line":206,"column":14},"end":{"line":206,"column":34}},"type":"binary-expr","locations":[{"start":{"line":206,"column":14},"end":{"line":206,"column":30}},{"start":{"line":206,"column":30},"end":{"line":206,"column":34}}],"line":206},"16":{"loc":{"start":{"line":213,"column":6},"end":{"line":215,"column":null}},"type":"binary-expr","locations":[{"start":{"line":213,"column":6},"end":{"line":215,"column":32}},{"start":{"line":215,"column":32},"end":{"line":215,"column":null}}],"line":213},"17":{"loc":{"start":{"line":213,"column":14},"end":{"line":215,"column":18}},"type":"binary-expr","locations":[{"start":{"line":213,"column":14},"end":{"line":213,"column":null}},{"start":{"line":214,"column":14},"end":{"line":214,"column":null}},{"start":{"line":215,"column":14},"end":{"line":215,"column":18}}],"line":213},"18":{"loc":{"start":{"line":221,"column":6},"end":{"line":222,"column":null}},"type":"binary-expr","locations":[{"start":{"line":221,"column":6},"end":{"line":222,"column":56}},{"start":{"line":222,"column":56},"end":{"line":222,"column":null}}],"line":221},"19":{"loc":{"start":{"line":236,"column":10},"end":{"line":236,"column":null}},"type":"if","locations":[{"start":{"line":236,"column":10},"end":{"line":236,"column":null}},{"start":{},"end":{}}],"line":236},"20":{"loc":{"start":{"line":259,"column":58},"end":{"line":259,"column":91}},"type":"cond-expr","locations":[{"start":{"line":259,"column":67},"end":{"line":259,"column":88}},{"start":{"line":259,"column":88},"end":{"line":259,"column":91}}],"line":259},"21":{"loc":{"start":{"line":266,"column":8},"end":{"line":266,"column":null}},"type":"if","locations":[{"start":{"line":266,"column":8},"end":{"line":266,"column":null}},{"start":{},"end":{}}],"line":266},"22":{"loc":{"start":{"line":270,"column":8},"end":{"line":270,"column":null}},"type":"if","locations":[{"start":{"line":270,"column":8},"end":{"line":270,"column":null}},{"start":{},"end":{}}],"line":270},"23":{"loc":{"start":{"line":270,"column":12},"end":{"line":270,"column":42}},"type":"binary-expr","locations":[{"start":{"line":270,"column":12},"end":{"line":270,"column":29}},{"start":{"line":270,"column":29},"end":{"line":270,"column":42}}],"line":270},"24":{"loc":{"start":{"line":271,"column":8},"end":{"line":271,"column":null}},"type":"if","locations":[{"start":{"line":271,"column":8},"end":{"line":271,"column":null}},{"start":{},"end":{}}],"line":271},"25":{"loc":{"start":{"line":271,"column":12},"end":{"line":271,"column":58}},"type":"binary-expr","locations":[{"start":{"line":271,"column":12},"end":{"line":271,"column":26}},{"start":{"line":271,"column":26},"end":{"line":271,"column":58}}],"line":271},"26":{"loc":{"start":{"line":272,"column":8},"end":{"line":276,"column":null}},"type":"if","locations":[{"start":{"line":272,"column":8},"end":{"line":276,"column":null}},{"start":{},"end":{}}],"line":272},"27":{"loc":{"start":{"line":273,"column":10},"end":{"line":273,"column":null}},"type":"if","locations":[{"start":{"line":273,"column":10},"end":{"line":273,"column":null}},{"start":{},"end":{}}],"line":273},"28":{"loc":{"start":{"line":274,"column":10},"end":{"line":274,"column":null}},"type":"if","locations":[{"start":{"line":274,"column":10},"end":{"line":274,"column":null}},{"start":{},"end":{}}],"line":274},"29":{"loc":{"start":{"line":277,"column":8},"end":{"line":277,"column":null}},"type":"if","locations":[{"start":{"line":277,"column":8},"end":{"line":277,"column":null}},{"start":{},"end":{}}],"line":277},"30":{"loc":{"start":{"line":277,"column":12},"end":{"line":277,"column":61}},"type":"binary-expr","locations":[{"start":{"line":277,"column":12},"end":{"line":277,"column":31}},{"start":{"line":277,"column":31},"end":{"line":277,"column":61}}],"line":277},"31":{"loc":{"start":{"line":278,"column":8},"end":{"line":278,"column":null}},"type":"if","locations":[{"start":{"line":278,"column":8},"end":{"line":278,"column":null}},{"start":{},"end":{}}],"line":278}},"s":{"0":4,"1":4,"2":4,"3":4,"4":4,"5":4,"6":4,"7":183,"8":179,"9":33,"10":138,"11":4,"12":74,"13":6,"14":1,"15":316,"16":316,"17":316,"18":1,"19":112,"20":112,"21":112,"22":112,"23":112,"24":112,"25":112,"26":26,"27":26,"28":26,"29":26,"30":26,"31":26,"32":1,"33":41,"34":75,"35":41,"36":47,"37":26,"38":66,"39":66,"40":21,"41":33,"42":33,"43":33,"44":15,"45":15,"46":29,"47":7,"48":7,"49":6,"50":2,"51":2,"52":2,"53":28,"54":28,"55":24,"56":4,"57":27,"58":3,"59":3,"60":3,"61":24,"62":3,"63":7,"64":7,"65":7,"66":0,"67":7,"68":5,"69":7,"70":2,"71":1,"72":29,"73":29,"74":29,"75":1,"76":28,"77":28,"78":28,"79":28,"80":21,"81":18,"82":18,"83":18,"84":2,"85":17,"86":1,"87":1,"88":11,"89":11,"90":11,"91":1,"92":1,"93":3,"94":3,"95":3,"96":3,"97":2,"98":2,"99":3,"100":3,"101":3,"102":1,"103":12,"104":12,"105":7,"106":55,"107":55,"108":55,"109":275,"110":275,"111":67,"112":67,"113":0,"114":67,"115":67,"116":67,"117":0,"118":67,"119":67,"120":67,"121":55,"122":45,"123":67,"124":67,"125":1,"126":66,"127":46,"128":46,"129":7,"130":66,"131":41,"132":43,"133":41,"134":0,"135":41,"136":41,"137":0,"138":41,"139":0,"140":0,"141":41,"142":15,"143":0,"144":0,"145":15,"146":3,"147":12,"148":26,"149":2,"150":24,"151":0,"152":24,"153":9,"154":1},"f":{"0":179,"1":33,"2":138,"3":4,"4":74,"5":6,"6":1,"7":316,"8":112,"9":1,"10":41,"11":75,"12":41,"13":47,"14":26,"15":66,"16":33,"17":15,"18":29,"19":7,"20":2,"21":28,"22":4,"23":27,"24":183,"25":5,"26":29,"27":21,"28":18,"29":17,"30":1,"31":11,"32":1,"33":3,"34":2,"35":3,"36":12,"37":183,"38":183,"39":46,"40":7,"41":43,"42":183},"b":{"0":[138,0],"1":[138,0],"2":[316,0],"3":[29,83],"4":[26,86],"5":[66,0],"6":[7,0],"7":[3,0],"8":[3,2],"9":[2,5],"10":[18,0],"11":[18,2],"12":[18,2],"13":[17,1],"14":[11],"15":[3,0],"16":[3,0],"17":[3,0,0],"18":[12,0],"19":[0,67],"20":[46,0],"21":[0,41],"22":[0,41],"23":[41,41],"24":[0,41],"25":[41,4],"26":[15,26],"27":[0,15],"28":[3,12],"29":[2,24],"30":[26,26],"31":[0,24]},"meta":{"lastBranch":32,"lastFunction":43,"lastStatement":155,"seen":{"s:12:19:12:Infinity":0,"s:13:19:13:Infinity":1,"s:14:19:14:Infinity":2,"s:15:19:15:Infinity":3,"s:16:19:16:Infinity":4,"s:17:19:17:Infinity":5,"s:18:19:18:Infinity":6,"s:54:27:54:Infinity":7,"f:58:2:58:14":0,"s:59:4:59:Infinity":8,"f:62:6:62:26":1,"s:62:28:62:46":9,"f:65:6:65:27":2,"s:66:4:66:Infinity":10,"b:66:11:66:77:66:77:66:Infinity":0,"b:66:11:66:66:66:66:66:70":1,"f:68:6:68:25":3,"s:68:27:68:55":11,"f:70:6:70:23":4,"s:70:25:70:38":12,"f:71:6:71:23":5,"s:71:25:71:49":13,"f:72:6:72:21":6,"s:72:23:72:45":14,"f:75:6:75:23":7,"s:76:4:79:Infinity":15,"s:77:12:77:Infinity":16,"s:78:6:78:Infinity":17,"b:78:14:78:21:78:21:78:Infinity":2,"s:79:14:79:37":18,"f:82:6:82:13":8,"s:83:10:83:Infinity":19,"b:83:35:83:53:83:53:83:Infinity":3,"s:85:10:85:Infinity":20,"s:86:4:86:Infinity":21,"s:87:4:87:Infinity":22,"s:88:4:88:Infinity":23,"s:90:10:90:Infinity":24,"b:91:4:96:Infinity:undefined:undefined:undefined:undefined":4,"s:91:4:96:Infinity":25,"s:92:12:92:Infinity":26,"s:93:12:93:Infinity":27,"s:94:6:94:Infinity":28,"s:95:6:95:Infinity":29,"s:95:12:95:41":30,"s:95:41:95:59":31,"f:99:6:99:30":9,"s:99:32:99:71":32,"f:100:6:100:30":10,"s:100:32:100:73":33,"f:101:6:101:30":11,"s:101:32:101:70":34,"f:102:6:102:30":12,"s:102:32:102:71":35,"f:103:6:103:30":13,"s:103:32:103:66":36,"f:104:6:104:30":14,"s:104:32:104:66":37,"f:107:6:107:33":15,"s:108:4:109:Infinity":38,"s:108:10:108:94":39,"b:108:17:108:91:108:91:108:94":5,"s:109:12:109:22":40,"f:111:2:111:33":16,"s:112:14:112:Infinity":41,"s:113:4:113:Infinity":42,"s:114:4:114:Infinity":43,"f:116:2:116:27":17,"s:116:29:116:82":44,"s:116:35:116:71":45,"f:117:6:117:30":18,"s:117:32:117:87":46,"f:120:6:120:29":19,"s:121:4:122:Infinity":47,"s:121:10:121:95":48,"b:121:17:121:92:121:92:121:95":6,"s:122:12:122:22":49,"f:124:2:124:30":20,"s:125:14:125:Infinity":50,"s:126:4:126:Infinity":51,"s:127:4:127:Infinity":52,"f:131:6:131:40":21,"s:132:4:135:Infinity":53,"s:133:6:134:Infinity":54,"s:135:14:135:25":55,"f:137:6:137:19":22,"s:138:4:138:Infinity":56,"f:141:2:141:18":23,"s:142:4:146:Infinity":57,"s:144:22:144:Infinity":58,"b:145:6:145:Infinity:undefined:undefined:undefined:undefined":7,"s:145:6:145:Infinity":59,"b:145:10:145:22:145:22:145:59":8,"s:145:59:145:Infinity":60,"s:147:4:147:Infinity":61,"f:150:9:150:23":24,"s:151:4:157:Infinity":62,"s:152:12:152:Infinity":63,"s:154:6:154:Infinity":64,"s:154:12:154:45":65,"s:154:55:154:65":66,"s:155:20:155:Infinity":67,"f:155:28:155:33":25,"s:155:38:155:71":68,"b:156:6:156:Infinity:undefined:undefined:undefined:undefined":9,"s:156:6:156:Infinity":69,"s:156:17:156:Infinity":70,"s:158:4:158:Infinity":71,"f:162:2:162:8":26,"s:163:10:163:Infinity":72,"s:164:4:164:Infinity":73,"s:164:10:164:24":74,"s:164:34:164:48":75,"s:165:4:166:Infinity":76,"s:167:4:167:Infinity":77,"s:168:4:168:Infinity":78,"s:169:4:169:Infinity":79,"f:172:6:172:27":27,"s:172:29:172:74":80,"f:174:6:174:38":28,"s:175:4:182:Infinity":81,"s:176:12:176:Infinity":82,"s:177:6:181:Infinity":83,"b:178:29:178:60:178:60:178:65":10,"b:179:29:179:64:179:64:179:69":11,"b:180:20:180:55:180:55:180:Infinity":12,"s:182:14:182:27":84,"f:185:6:185:29":29,"s:185:31:185:73":85,"b:185:38:185:69:185:69:185:73":13,"f:187:2:187:20":30,"s:188:4:188:Infinity":86,"s:188:10:188:63":87,"f:191:2:191:10":31,"b:191:30:191:52":14,"s:192:4:192:Infinity":88,"s:192:10:192:78":89,"s:193:4:193:Infinity":90,"f:196:2:196:22":32,"s:197:4:197:Infinity":91,"s:198:4:198:Infinity":92,"f:202:6:202:24":33,"s:203:4:207:Infinity":93,"s:204:12:204:Infinity":94,"s:205:22:205:Infinity":95,"s:206:6:206:Infinity":96,"b:206:14:206:30:206:30:206:34":15,"f:206:46:206:50":34,"s:206:55:206:87":97,"s:207:14:207:25":98,"f:210:6:210:21":35,"s:211:4:216:Infinity":99,"s:212:12:212:Infinity":100,"s:213:6:215:Infinity":101,"b:213:6:215:32:215:32:215:Infinity":16,"b:213:14:213:Infinity:214:14:214:Infinity:215:14:215:18":17,"s:216:14:216:36":102,"f:219:6:219:22":36,"s:220:4:223:Infinity":103,"s:221:6:222:Infinity":104,"b:221:6:222:56:222:56:222:Infinity":18,"s:223:14:223:25":105,"f:229:15:229:20":37,"s:230:4:230:Infinity":106,"s:231:16:231:Infinity":107,"s:232:4:244:Infinity":108,"s:233:6:243:Infinity":109,"s:234:8:242:Infinity":110,"s:235:20:235:Infinity":111,"b:236:10:236:Infinity:undefined:undefined:undefined:undefined":19,"s:236:10:236:Infinity":112,"s:236:23:236:Infinity":113,"s:237:16:237:Infinity":114,"s:238:10:238:Infinity":115,"s:238:16:238:36":116,"s:238:46:238:56":117,"s:239:20:239:Infinity":118,"s:240:10:240:Infinity":119,"s:241:10:241:Infinity":120,"s:245:4:245:Infinity":121,"f:249:15:249:Infinity":38,"s:253:4:281:Infinity":122,"s:255:6:256:Infinity":123,"s:255:12:255:63":124,"s:256:14:256:24":125,"s:258:19:261:Infinity":126,"f:259:9:259:13":39,"s:259:30:259:51":127,"s:259:51:259:91":128,"b:259:67:259:88:259:88:259:91":20,"f:261:9:261:15":40,"s:261:24:261:29":129,"s:263:6:280:Infinity":130,"s:264:24:265:Infinity":131,"f:264:32:264:37":41,"s:265:10:265:42":132,"b:266:8:266:Infinity:undefined:undefined:undefined:undefined":21,"s:266:8:266:Infinity":133,"s:266:22:266:Infinity":134,"s:268:18:268:Infinity":135,"b:270:8:270:Infinity:undefined:undefined:undefined:undefined":22,"s:270:8:270:Infinity":136,"b:270:12:270:29:270:29:270:42":23,"s:270:42:270:Infinity":137,"b:271:8:271:Infinity:undefined:undefined:undefined:undefined":24,"s:271:8:271:Infinity":138,"b:271:12:271:26:271:26:271:58":25,"s:271:60:271:77":139,"s:271:77:271:87":140,"b:272:8:276:Infinity:undefined:undefined:undefined:undefined":26,"s:272:8:276:Infinity":141,"b:273:10:273:Infinity:undefined:undefined:undefined:undefined":27,"s:273:10:273:Infinity":142,"s:273:30:273:56":143,"s:273:56:273:66":144,"b:274:10:274:Infinity:undefined:undefined:undefined:undefined":28,"s:274:10:274:Infinity":145,"s:274:45:274:Infinity":146,"s:275:10:275:Infinity":147,"b:277:8:277:Infinity:undefined:undefined:undefined:undefined":29,"s:277:8:277:Infinity":148,"b:277:12:277:31:277:31:277:61":30,"s:277:61:277:Infinity":149,"b:278:8:278:Infinity:undefined:undefined:undefined:undefined":31,"s:278:8:278:Infinity":150,"s:278:34:278:Infinity":151,"s:279:8:279:Infinity":152,"s:282:4:282:Infinity":153,"f:285:13:285:56":42,"s:286:4:286:Infinity":154}}}
,"/Users/woonchan/pi-lab/repos/task-orchestrator/src/Worktree.ts": {"path":"/Users/woonchan/pi-lab/repos/task-orchestrator/src/Worktree.ts","statementMap":{"0":{"start":{"line":19,"column":4},"end":{"line":19,"column":null}},"1":{"start":{"line":20,"column":4},"end":{"line":20,"column":null}},"2":{"start":{"line":21,"column":4},"end":{"line":21,"column":null}},"3":{"start":{"line":22,"column":4},"end":{"line":22,"column":null}},"4":{"start":{"line":23,"column":4},"end":{"line":23,"column":null}},"5":{"start":{"line":26,"column":23},"end":{"line":26,"column":42}},"6":{"start":{"line":27,"column":25},"end":{"line":27,"column":46}},"7":{"start":{"line":33,"column":4},"end":{"line":33,"column":null}},"8":{"start":{"line":33,"column":21},"end":{"line":33,"column":null}},"9":{"start":{"line":35,"column":4},"end":{"line":35,"column":null}},"10":{"start":{"line":37,"column":17},"end":{"line":37,"column":null}},"11":{"start":{"line":38,"column":18},"end":{"line":38,"column":null}},"12":{"start":{"line":39,"column":4},"end":{"line":39,"column":null}},"13":{"start":{"line":40,"column":4},"end":{"line":40,"column":null}},"14":{"start":{"line":42,"column":4},"end":{"line":42,"column":null}},"15":{"start":{"line":46,"column":23},"end":{"line":46,"column":null}},"16":{"start":{"line":47,"column":4},"end":{"line":59,"column":null}},"17":{"start":{"line":48,"column":6},"end":{"line":48,"column":null}},"18":{"start":{"line":49,"column":6},"end":{"line":49,"column":null}},"19":{"start":{"line":64,"column":23},"end":{"line":65,"column":null}},"20":{"start":{"line":66,"column":4},"end":{"line":66,"column":null}},"21":{"start":{"line":66,"column":33},"end":{"line":66,"column":null}},"22":{"start":{"line":68,"column":4},"end":{"line":80,"column":null}},"23":{"start":{"line":69,"column":23},"end":{"line":69,"column":null}},"24":{"start":{"line":69,"column":45},"end":{"line":69,"column":62}},"25":{"start":{"line":70,"column":6},"end":{"line":78,"column":null}},"26":{"start":{"line":77,"column":8},"end":{"line":77,"column":null}},"27":{"start":{"line":79,"column":6},"end":{"line":79,"column":null}},"28":{"start":{"line":81,"column":4},"end":{"line":81,"column":null}},"29":{"start":{"line":86,"column":4},"end":{"line":89,"column":null}},"30":{"start":{"line":87,"column":6},"end":{"line":87,"column":null}},"31":{"start":{"line":88,"column":6},"end":{"line":88,"column":null}},"32":{"start":{"line":93,"column":4},"end":{"line":93,"column":null}},"33":{"start":{"line":93,"column":10},"end":{"line":93,"column":66}},"34":{"start":{"line":94,"column":4},"end":{"line":94,"column":null}},"35":{"start":{"line":94,"column":10},"end":{"line":94,"column":51}},"36":{"start":{"line":100,"column":4},"end":{"line":100,"column":null}},"37":{"start":{"line":104,"column":4},"end":{"line":104,"column":null}},"38":{"start":{"line":108,"column":4},"end":{"line":110,"column":null}},"39":{"start":{"line":108,"column":10},"end":{"line":108,"column":102}}},"fnMap":{"0":{"name":"constructor","decl":{"start":{"line":18,"column":2},"end":{"line":18,"column":14}},"loc":{"start":{"line":18,"column":54},"end":{"line":24,"column":null}},"line":18},"1":{"name":"path","decl":{"start":{"line":26,"column":6},"end":{"line":26,"column":21}},"loc":{"start":{"line":26,"column":21},"end":{"line":26,"column":null}},"line":26},"2":{"name":"branch","decl":{"start":{"line":27,"column":6},"end":{"line":27,"column":23}},"loc":{"start":{"line":27,"column":23},"end":{"line":27,"column":null}},"line":27},"3":{"name":"create","decl":{"start":{"line":32,"column":8},"end":{"line":32,"column":34}},"loc":{"start":{"line":32,"column":34},"end":{"line":43,"column":null}},"line":32},"4":{"name":"merge","decl":{"start":{"line":45,"column":8},"end":{"line":45,"column":14}},"loc":{"start":{"line":45,"column":51},"end":{"line":60,"column":null}},"line":45},"5":{"name":"(anonymous_5)","decl":{"start":{"line":63,"column":2},"end":{"line":63,"column":15}},"loc":{"start":{"line":63,"column":43},"end":{"line":82,"column":null}},"line":63},"6":{"name":"(anonymous_6)","decl":{"start":{"line":69,"column":34},"end":{"line":69,"column":39}},"loc":{"start":{"line":69,"column":45},"end":{"line":69,"column":62}},"line":69},"7":{"name":"resetForRetry","decl":{"start":{"line":85,"column":8},"end":{"line":85,"column":39}},"loc":{"start":{"line":85,"column":39},"end":{"line":90,"column":null}},"line":85},"8":{"name":"remove","decl":{"start":{"line":92,"column":8},"end":{"line":92,"column":32}},"loc":{"start":{"line":92,"column":32},"end":{"line":95,"column":null}},"line":92},"9":{"name":"(anonymous_9)","decl":{"start":{"line":99,"column":2},"end":{"line":99,"column":7}},"loc":{"start":{"line":99,"column":34},"end":{"line":101,"column":null}},"line":99},"10":{"name":"(anonymous_10)","decl":{"start":{"line":103,"column":2},"end":{"line":103,"column":11}},"loc":{"start":{"line":103,"column":38},"end":{"line":105,"column":null}},"line":103},"11":{"name":"(anonymous_11)","decl":{"start":{"line":107,"column":2},"end":{"line":107,"column":13}},"loc":{"start":{"line":107,"column":34},"end":{"line":112,"column":null}},"line":107}},"branchMap":{"0":{"loc":{"start":{"line":22,"column":25},"end":{"line":22,"column":75}},"type":"binary-expr","locations":[{"start":{"line":22,"column":25},"end":{"line":22,"column":46}},{"start":{"line":22,"column":30},"end":{"line":22,"column":75}}],"line":22},"1":{"loc":{"start":{"line":23,"column":17},"end":{"line":23,"column":null}},"type":"binary-expr","locations":[{"start":{"line":23,"column":17},"end":{"line":23,"column":36}},{"start":{"line":23,"column":36},"end":{"line":23,"column":null}}],"line":23},"2":{"loc":{"start":{"line":33,"column":4},"end":{"line":33,"column":null}},"type":"if","locations":[{"start":{"line":33,"column":4},"end":{"line":33,"column":null}},{"start":{},"end":{}}],"line":33},"3":{"loc":{"start":{"line":37,"column":17},"end":{"line":37,"column":null}},"type":"binary-expr","locations":[{"start":{"line":37,"column":17},"end":{"line":37,"column":49}},{"start":{"line":37,"column":49},"end":{"line":37,"column":null}}],"line":37},"4":{"loc":{"start":{"line":38,"column":18},"end":{"line":38,"column":null}},"type":"binary-expr","locations":[{"start":{"line":38,"column":18},"end":{"line":38,"column":51}},{"start":{"line":38,"column":51},"end":{"line":38,"column":null}}],"line":38},"5":{"loc":{"start":{"line":66,"column":4},"end":{"line":66,"column":null}},"type":"if","locations":[{"start":{"line":66,"column":4},"end":{"line":66,"column":null}},{"start":{},"end":{}}],"line":66},"6":{"loc":{"start":{"line":70,"column":6},"end":{"line":78,"column":null}},"type":"if","locations":[{"start":{"line":70,"column":6},"end":{"line":78,"column":null}},{"start":{"line":75,"column":13},"end":{"line":78,"column":null}}],"line":70}},"s":{"0":13,"1":13,"2":13,"3":13,"4":13,"5":15,"6":0,"7":14,"8":2,"9":12,"10":12,"11":14,"12":14,"13":14,"14":14,"15":5,"16":5,"17":5,"18":5,"19":2,"20":2,"21":0,"22":2,"23":2,"24":0,"25":2,"26":2,"27":2,"28":2,"29":1,"30":1,"31":1,"32":3,"33":3,"34":3,"35":3,"36":41,"37":25,"38":24,"39":24},"f":{"0":13,"1":15,"2":0,"3":14,"4":5,"5":2,"6":0,"7":1,"8":3,"9":41,"10":25,"11":24},"b":{"0":[13,13],"1":[13,12],"2":[2,12],"3":[12,0],"4":[14,0],"5":[0,2],"6":[0,2]},"meta":{"lastBranch":7,"lastFunction":12,"lastStatement":40,"seen":{"f:18:2:18:14":0,"s:19:4:19:Infinity":0,"s:20:4:20:Infinity":1,"s:21:4:21:Infinity":2,"s:22:4:22:Infinity":3,"b:22:25:22:46:22:30:22:75":0,"s:23:4:23:Infinity":4,"b:23:17:23:36:23:36:23:Infinity":1,"f:26:6:26:21":1,"s:26:23:26:42":5,"f:27:6:27:23":2,"s:27:25:27:46":6,"f:32:8:32:34":3,"b:33:4:33:Infinity:undefined:undefined:undefined:undefined":2,"s:33:4:33:Infinity":7,"s:33:21:33:Infinity":8,"s:35:4:35:Infinity":9,"s:37:17:37:Infinity":10,"b:37:17:37:49:37:49:37:Infinity":3,"s:38:18:38:Infinity":11,"b:38:18:38:51:38:51:38:Infinity":4,"s:39:4:39:Infinity":12,"s:40:4:40:Infinity":13,"s:42:4:42:Infinity":14,"f:45:8:45:14":4,"s:46:23:46:Infinity":15,"s:47:4:59:Infinity":16,"s:48:6:48:Infinity":17,"s:49:6:49:Infinity":18,"f:63:2:63:15":5,"s:64:23:65:Infinity":19,"b:66:4:66:Infinity:undefined:undefined:undefined:undefined":5,"s:66:4:66:Infinity":20,"s:66:33:66:Infinity":21,"s:68:4:80:Infinity":22,"s:69:23:69:Infinity":23,"f:69:34:69:39":6,"s:69:45:69:62":24,"b:70:6:78:Infinity:75:13:78:Infinity":6,"s:70:6:78:Infinity":25,"s:77:8:77:Infinity":26,"s:79:6:79:Infinity":27,"s:81:4:81:Infinity":28,"f:85:8:85:39":7,"s:86:4:89:Infinity":29,"s:87:6:87:Infinity":30,"s:88:6:88:Infinity":31,"f:92:8:92:32":8,"s:93:4:93:Infinity":32,"s:93:10:93:66":33,"s:94:4:94:Infinity":34,"s:94:10:94:51":35,"f:99:2:99:7":9,"s:100:4:100:Infinity":36,"f:103:2:103:11":10,"s:104:4:104:Infinity":37,"f:107:2:107:13":11,"s:108:4:110:Infinity":38,"s:108:10:108:102":39}}}
}
